This is pdfTeX, Version 3.1415926-2.5-1.40.14 (TeX Live 2013) (format=pdflatex 2013.5.30)  19 APR 2018 15:22
entering extended mode
 restricted \write18 enabled.
 file:line:error style messages enabled.
 %&-line parsing enabled.
**thesis.tex
(./thesis.tex
LaTeX2e <2011/06/27>
Babel <3.9f> and hyphenation patterns for 78 languages loaded.
(/usr/local/texlive/2013/texmf-dist/tex/latex/base/report.cls
Document Class: report 2007/10/19 v1.4h Standard LaTeX document class
(/usr/local/texlive/2013/texmf-dist/tex/latex/base/size11.clo
File: size11.clo 2007/10/19 v1.4h Standard LaTeX file (size option)
)
\c@part=\count79
\c@chapter=\count80
\c@section=\count81
\c@subsection=\count82
\c@subsubsection=\count83
\c@paragraph=\count84
\c@subparagraph=\count85
\c@figure=\count86
\c@table=\count87
\abovecaptionskip=\skip41
\belowcaptionskip=\skip42
\bibindent=\dimen102
)
(/usr/local/texlive/2013/texmf-dist/tex/latex/graphics/graphicx.sty
Package: graphicx 1999/02/16 v1.0f Enhanced LaTeX Graphics (DPC,SPQR)

(/usr/local/texlive/2013/texmf-dist/tex/latex/graphics/keyval.sty
Package: keyval 1999/03/16 v1.13 key=value parser (DPC)
\KV@toks@=\toks14
)
(/usr/local/texlive/2013/texmf-dist/tex/latex/graphics/graphics.sty
Package: graphics 2009/02/05 v1.0o Standard LaTeX Graphics (DPC,SPQR)

(/usr/local/texlive/2013/texmf-dist/tex/latex/graphics/trig.sty
Package: trig 1999/03/16 v1.09 sin cos tan (DPC)
)
(/usr/local/texlive/2013/texmf-dist/tex/latex/latexconfig/graphics.cfg
File: graphics.cfg 2010/04/23 v1.9 graphics configuration of TeX Live
)
Package graphics Info: Driver file: pdftex.def on input line 91.

(/usr/local/texlive/2013/texmf-dist/tex/latex/pdftex-def/pdftex.def
File: pdftex.def 2011/05/27 v0.06d Graphics/color for pdfTeX

(/usr/local/texlive/2013/texmf-dist/tex/generic/oberdiek/infwarerr.sty
Package: infwarerr 2010/04/08 v1.3 Providing info/warning/error messages (HO)
)
(/usr/local/texlive/2013/texmf-dist/tex/generic/oberdiek/ltxcmds.sty
Package: ltxcmds 2011/11/09 v1.22 LaTeX kernel commands for general use (HO)
)
\Gread@gobject=\count88
))
\Gin@req@height=\dimen103
\Gin@req@width=\dimen104
)
(/usr/local/texlive/2013/texmf-dist/tex/latex/graphics/epsfig.sty
Package: epsfig 1999/02/16 v1.7a (e)psfig emulation (SPQR)
\epsfxsize=\dimen105
\epsfysize=\dimen106
)
(/usr/local/texlive/2013/texmf-dist/tex/latex/subfig/subfig.sty
Package: subfig 2005/06/28 ver: 1.3 subfig package

(/usr/local/texlive/2013/texmf-dist/tex/latex/caption/caption.sty
Package: caption 2013/05/02 v3.3-89 Customizing captions (AR)

(/usr/local/texlive/2013/texmf-dist/tex/latex/caption/caption3.sty
Package: caption3 2013/05/02 v1.6-88 caption3 kernel (AR)
Package caption3 Info: TeX engine: e-TeX on input line 57.
\captionmargin=\dimen107
\captionmargin@=\dimen108
\captionwidth=\dimen109
\caption@tempdima=\dimen110
\caption@indent=\dimen111
\caption@parindent=\dimen112
\caption@hangindent=\dimen113
)
\c@ContinuedFloat=\count89
)
\c@KVtest=\count90
\sf@farskip=\skip43
\sf@captopadj=\dimen114
\sf@capskip=\skip44
\sf@nearskip=\skip45
\c@subfigure=\count91
\c@subfigure@save=\count92
\c@lofdepth=\count93
\c@subtable=\count94
\c@subtable@save=\count95
\c@lotdepth=\count96
\sf@top=\skip46
\sf@bottom=\skip47
)
(/usr/local/texlive/2013/texmf-dist/tex/latex/amsmath/amsmath.sty
Package: amsmath 2013/01/14 v2.14 AMS math features
\@mathmargin=\skip48

For additional information on amsmath, use the `?' option.
(/usr/local/texlive/2013/texmf-dist/tex/latex/amsmath/amstext.sty
Package: amstext 2000/06/29 v2.01

(/usr/local/texlive/2013/texmf-dist/tex/latex/amsmath/amsgen.sty
File: amsgen.sty 1999/11/30 v2.0
\@emptytoks=\toks15
\ex@=\dimen115
))
(/usr/local/texlive/2013/texmf-dist/tex/latex/amsmath/amsbsy.sty
Package: amsbsy 1999/11/29 v1.2d
\pmbraise@=\dimen116
)
(/usr/local/texlive/2013/texmf-dist/tex/latex/amsmath/amsopn.sty
Package: amsopn 1999/12/14 v2.01 operator names
)
\inf@bad=\count97
LaTeX Info: Redefining \frac on input line 210.
\uproot@=\count98
\leftroot@=\count99
LaTeX Info: Redefining \overline on input line 306.
\classnum@=\count100
\DOTSCASE@=\count101
LaTeX Info: Redefining \ldots on input line 378.
LaTeX Info: Redefining \dots on input line 381.
LaTeX Info: Redefining \cdots on input line 466.
\Mathstrutbox@=\box26
\strutbox@=\box27
\big@size=\dimen117
LaTeX Font Info:    Redeclaring font encoding OML on input line 566.
LaTeX Font Info:    Redeclaring font encoding OMS on input line 567.
\macc@depth=\count102
\c@MaxMatrixCols=\count103
\dotsspace@=\muskip10
\c@parentequation=\count104
\dspbrk@lvl=\count105
\tag@help=\toks16
\row@=\count106
\column@=\count107
\maxfields@=\count108
\andhelp@=\toks17
\eqnshift@=\dimen118
\alignsep@=\dimen119
\tagshift@=\dimen120
\tagwidth@=\dimen121
\totwidth@=\dimen122
\lineht@=\dimen123
\@envbody=\toks18
\multlinegap=\skip49
\multlinetaggap=\skip50
\mathdisplay@stack=\toks19
LaTeX Info: Redefining \[ on input line 2665.
LaTeX Info: Redefining \] on input line 2666.
)
(./uathesis.sty)
(/usr/local/texlive/2013/texmf-dist/tex/latex/graphics/lscape.sty
Package: lscape 2000/10/22 v3.01 Landscape Pages (DPC)
)
(/usr/local/texlive/2013/texmf-dist/tex/latex/tools/longtable.sty
Package: longtable 2004/02/01 v4.11 Multi-page Table package (DPC)
\LTleft=\skip51
\LTright=\skip52
\LTpre=\skip53
\LTpost=\skip54
\LTchunksize=\count109
\LTcapwidth=\dimen124
\LT@head=\box28
\LT@firsthead=\box29
\LT@foot=\box30
\LT@lastfoot=\box31
\LT@cols=\count110
\LT@rows=\count111
\c@LT@tables=\count112
\c@LT@chunks=\count113
\LT@p@ftn=\toks20
)
(/usr/local/texlive/2013/texmf-dist/tex/latex/tools/array.sty
Package: array 2008/09/09 v2.4c Tabular extension package (FMi)
\col@sep=\dimen125
\extrarowheight=\dimen126
\NC@list=\toks21
\extratabsurround=\skip55
\backup@length=\skip56
)
(/usr/local/texlive/2013/texmf-dist/tex/latex/booktabs/booktabs.sty
Package: booktabs 2005/04/14 v1.61803 publication quality tables
\heavyrulewidth=\dimen127
\lightrulewidth=\dimen128
\cmidrulewidth=\dimen129
\belowrulesep=\dimen130
\belowbottomsep=\dimen131
\aboverulesep=\dimen132
\abovetopsep=\dimen133
\cmidrulesep=\dimen134
\cmidrulekern=\dimen135
\defaultaddspace=\dimen136
\@cmidla=\count114
\@cmidlb=\count115
\@aboverulesep=\dimen137
\@belowrulesep=\dimen138
\@thisruleclass=\count116
\@lastruleclass=\count117
\@thisrulewidth=\dimen139
)
(/usr/local/texlive/2013/texmf-dist/tex/latex/cite/cite.sty
LaTeX Info: Redefining \cite on input line 302.
LaTeX Info: Redefining \nocite on input line 373.
Package: cite 2010/09/10  v 5.3
)
(/usr/local/texlive/2013/texmf-dist/tex/latex/multirow/multirow.sty
\bigstrutjot=\dimen140
)
(/usr/local/texlive/2013/texmf-dist/tex/latex/url/url.sty
\Urlmuskip=\muskip11
Package: url 2006/04/12  ver 3.3  Verb mode for urls, etc.
)
(/usr/local/texlive/2013/texmf-dist/tex/latex/was/gensymb.sty
Package: gensymb 2003/07/02 v1.0 (WaS)
)
(/usr/local/texlive/2013/texmf-dist/tex/latex/pdfpages/pdfpages.sty
Package: pdfpages 2012/08/31 v0.4t Insert pages of external PDF documents (AM)

(/usr/local/texlive/2013/texmf-dist/tex/latex/base/ifthen.sty
Package: ifthen 2001/05/26 v1.1c Standard LaTeX ifthen package (DPC)
)
(/usr/local/texlive/2013/texmf-dist/tex/latex/tools/calc.sty
Package: calc 2007/08/22 v4.3 Infix arithmetic (KKT,FJ)
\calc@Acount=\count118
\calc@Bcount=\count119
\calc@Adimen=\dimen141
\calc@Bdimen=\dimen142
\calc@Askip=\skip57
\calc@Bskip=\skip58
LaTeX Info: Redefining \setlength on input line 76.
LaTeX Info: Redefining \addtolength on input line 77.
\calc@Ccount=\count120
\calc@Cskip=\skip59
)
(/usr/local/texlive/2013/texmf-dist/tex/latex/eso-pic/eso-pic.sty
Package: eso-pic 2010/10/06 v2.0c eso-pic (RN)

(/usr/local/texlive/2013/texmf-dist/tex/generic/oberdiek/atbegshi.sty
Package: atbegshi 2011/10/05 v1.16 At begin shipout hook (HO)

(/usr/local/texlive/2013/texmf-dist/tex/generic/oberdiek/ifpdf.sty
Package: ifpdf 2011/01/30 v2.3 Provides the ifpdf switch (HO)
Package ifpdf Info: pdfTeX in PDF mode is detected.
))
(/usr/local/texlive/2013/texmf-dist/tex/latex/xcolor/xcolor.sty
Package: xcolor 2007/01/21 v2.11 LaTeX color extensions (UK)

(/usr/local/texlive/2013/texmf-dist/tex/latex/latexconfig/color.cfg
File: color.cfg 2007/01/18 v1.5 color configuration of teTeX/TeXLive
)
Package xcolor Info: Driver file: pdftex.def on input line 225.
Package xcolor Info: Model `cmy' substituted by `cmy0' on input line 1337.
Package xcolor Info: Model `hsb' substituted by `rgb' on input line 1341.
Package xcolor Info: Model `RGB' extended on input line 1353.
Package xcolor Info: Model `HTML' substituted by `rgb' on input line 1355.
Package xcolor Info: Model `Hsb' substituted by `hsb' on input line 1356.
Package xcolor Info: Model `tHsb' substituted by `hsb' on input line 1357.
Package xcolor Info: Model `HSB' substituted by `hsb' on input line 1358.
Package xcolor Info: Model `Gray' substituted by `gray' on input line 1359.
Package xcolor Info: Model `wave' substituted by `hsb' on input line 1360.
))
(/usr/local/texlive/2013/texmf-dist/tex/latex/pdfpages/pppdftex.def
File: pppdftex.def 2012/08/31 v0.4t Pdfpages driver for pdfTeX (AM)
)
\AM@pagebox=\box32
\AM@toc@title=\toks22
\c@AM@survey=\count121
\AM@templatesizebox=\box33
)
(/usr/local/texlive/2013/texmf-dist/tex/latex/datatool/datatool.sty
Package: datatool 2013/01/15 v2.13 (NLCT)

(/usr/local/texlive/2013/texmf-dist/tex/latex/xkeyval/xkeyval.sty
Package: xkeyval 2012/10/14 v2.6b package option processing (HA)

(/usr/local/texlive/2013/texmf-dist/tex/generic/xkeyval/xkeyval.tex
\XKV@toks=\toks23
\XKV@tempa@toks=\toks24
\XKV@depth=\count122
File: xkeyval.tex 2012/10/14 v2.6b key=value parser (HA)
))
(/usr/local/texlive/2013/texmf-dist/tex/latex/xfor/xfor.sty
Package: xfor 2009/02/05 v1.05 (NLCT)
)
(/usr/local/texlive/2013/texmf-dist/tex/latex/substr/substr.sty
Package: substr 2009/10/20 v1.2 Handle substrings
\c@su@anzahl=\count123
)
(/usr/local/texlive/2013/texmf-dist/tex/latex/etex-pkg/etex.sty
Package: etex 1998/03/26 v2.0 eTeX basic definition package (PEB)
\et@xins=\count124
)
(/usr/local/texlive/2013/texmf-dist/tex/latex/datatool/datatool-base.sty
Package: datatool-base 2013/01/15 v2.13 (NLCT)

(/usr/local/texlive/2013/texmf-dist/tex/latex/etoolbox/etoolbox.sty
Package: etoolbox 2011/01/03 v2.1 e-TeX tools for LaTeX
\etb@tempcnta=\count125
)
(/usr/local/texlive/2013/texmf-dist/tex/latex/datatool/datatool-fp.sty
Package: datatool-fp 2013/01/15 v2.13 (NLCT)

(/usr/local/texlive/2013/texmf-dist/tex/latex/fp/fp.sty
Package: fp 1995/04/02

`Fixed Point Package', Version 0.8, April 2, 1995 (C) Michael Mehlich
(/usr/local/texlive/2013/texmf-dist/tex/latex/fp/defpattern.sty
Package: defpattern 1994/10/12
\actioncount=\count126
)
(/usr/local/texlive/2013/texmf-dist/tex/latex/fp/fp-basic.sty
Package: fp-basic 1996/05/13
\FP@xs=\count127
\FP@xia=\count128
\FP@xib=\count129
\FP@xfa=\count130
\FP@xfb=\count131
\FP@rega=\count132
\FP@regb=\count133
\FP@regs=\count134
\FP@times=\count135
)
(/usr/local/texlive/2013/texmf-dist/tex/latex/fp/fp-addons.sty
Package: fp-addons 1995/03/15
)
(/usr/local/texlive/2013/texmf-dist/tex/latex/fp/fp-snap.sty
Package: fp-snap 1995/04/05
)
(/usr/local/texlive/2013/texmf-dist/tex/latex/fp/fp-exp.sty
Package: fp-exp 1995/04/03
)
(/usr/local/texlive/2013/texmf-dist/tex/latex/fp/fp-trigo.sty
Package: fp-trigo 1995/04/14
)
(/usr/local/texlive/2013/texmf-dist/tex/latex/fp/fp-pas.sty
Package: fp-pas 1994/08/29
)
(/usr/local/texlive/2013/texmf-dist/tex/latex/fp/fp-random.sty
Package: fp-random 1995/02/23
\FPseed=\count136
)
(/usr/local/texlive/2013/texmf-dist/tex/latex/fp/fp-eqn.sty
Package: fp-eqn 1995/04/03
)
(/usr/local/texlive/2013/texmf-dist/tex/latex/fp/fp-upn.sty
Package: fp-upn 1996/10/21
)
(/usr/local/texlive/2013/texmf-dist/tex/latex/fp/fp-eval.sty
Package: fp-eval 1995/04/03
)))
\@dtl@toks=\toks25
\@dtl@tmpcount=\count137
\dtl@tmplength=\skip60
\dtl@sortresult=\count138
\@dtl@numgrpsepcount=\count139
\@dtl@datatype=\count140
\dtl@codeA=\count141
\dtl@codeB=\count142
\@dtl@foreach@level=\count143
)
\dtlcolumnnum=\count144
\dtlrownum=\count145
\@dtl@before=\toks26
\@dtl@after=\toks27
\@dtl@colhead=\toks28
\dtlcurrentrow=\toks29
\dtlbeforerow=\toks30
\dtlafterrow=\toks31
\dtlforeachlevel=\count146
\c@DTLrowi=\count147
\c@DTLrowii=\count148
\c@DTLrowiii=\count149
\c@DTLrow=\count150
\dtl@rowi=\count151
\dtl@rowii=\count152
\dtl@rowiii=\count153
\@dtl@curi=\toks32
\@dtl@previ=\toks33
\@dtl@nexti=\toks34
\@dtl@curii=\toks35
\@dtl@previi=\toks36
\@dtl@nextii=\toks37
\@dtl@curiii=\toks38
\@dtl@previii=\toks39
\@dtl@nextiii=\toks40
\@dtl@elements=\count154
\@dtl@list=\toks41
\@dtl@rowa=\toks42
\@dtl@rowb=\toks43
\@dtl@toksA=\toks44
\@dtl@toksB=\toks45
\@dtl@write=\write3
\@dtl@read=\read1
\dtl@entrycr=\count155
\dtl@omitlines=\count156
)
(/usr/local/texlive/2013/texmf-dist/tex/latex/glossaries/base/glossaries.sty
Package: glossaries 2013/04/21 v3.05 (NLCT)

(/usr/local/texlive/2013/texmf-dist/tex/latex/glossaries/base/mfirstuc.sty
Package: mfirstuc 2012/05/21 v1.06 (NLCT)
\@glsmfirst=\toks46
\@glsmrest=\toks47
)
\gls@level=\count157
\@gls@tmpb=\toks48
\gls@tmplen=\skip61
\glswrite=\write4
\glskeylisttok=\toks49
\glslabeltok=\toks50
\glsshorttok=\toks51
\glslongtok=\toks52

(/usr/local/texlive/2013/texmf-dist/tex/latex/glossaries/styles/glossary-hypern
av.sty
Package: glossary-hypernav 2007/07/04 v1.01 (NLCT)
)
(/usr/local/texlive/2013/texmf-dist/tex/latex/glossaries/styles/glossary-list.s
ty
Package: glossary-list 2012/11/11 v3.04 (NLCT)
\glslistdottedwidth=\skip62
)
(/usr/local/texlive/2013/texmf-dist/tex/latex/glossaries/styles/glossary-long.s
ty
Package: glossary-long 2012/09/21 v3.03 (NLCT)
\glsdescwidth=\skip63
\glspagelistwidth=\skip64
)
(/usr/local/texlive/2013/texmf-dist/tex/latex/glossaries/styles/glossary-super.
sty
Package: glossary-super 2012/09/21 v3.03 (NLCT)
 (/usr/local/texlive/2013/texmf-dist/tex/latex/supertabular/supertabular.sty
Package: supertabular 2004/02/20 v4.1e the supertabular environment
\c@tracingst=\count158
\ST@wd=\dimen143
\ST@rightskip=\skip65
\ST@leftskip=\skip66
\ST@parfillskip=\skip67
\ST@pageleft=\dimen144
\ST@headht=\dimen145
\ST@tailht=\dimen146
\ST@pagesofar=\dimen147
\ST@pboxht=\dimen148
\ST@lineht=\dimen149
\ST@stretchht=\dimen150
\ST@prevht=\dimen151
\ST@toadd=\dimen152
\ST@dimen=\dimen153
\ST@pbox=\box34
))
(/usr/local/texlive/2013/texmf-dist/tex/latex/glossaries/styles/glossary-tree.s
ty
Package: glossary-tree 2012/09/21 v3.03 (NLCT)
\glstreeindent=\skip68
))
\glo@main@file=\write5
\openout5 = `thesis.glo'.

Package glossaries Info: Writing glossary file thesis.glo on input line 20.
\glo@acronym@file=\write6
\openout6 = `thesis.acn'.

Package glossaries Info: Writing glossary file thesis.acn on input line 20.
\c@theorem=\count159
 (./tcilatex.tex
TCILATEX Macros for Scientific Word 2.5 <22 Dec 95>.
NOTICE: This macro file is NOT proprietary and may be freely copied and distrib
uted.
\@hour=\count160
\@minute=\count161
\GRAPHICSTYPE=\count162
\draft=\count163
\dispkind=\count164
\theight=\dimen154
LaTeX Info: Redefining \rm on input line 557.
LaTeX Info: Redefining \sf on input line 558.
LaTeX Info: Redefining \tt on input line 559.
LaTeX Info: Redefining \bf on input line 560.
LaTeX Info: Redefining \it on input line 561.
LaTeX Info: Redefining \sl on input line 562.
LaTeX Info: Redefining \sc on input line 563.
(/usr/local/texlive/2013/texmf-dist/tex/latex/base/latexsym.sty
Package: latexsym 1998/08/17 v2.2e Standard LaTeX package (lasy symbols)
\symlasy=\mathgroup4
LaTeX Font Info:    Overwriting symbol font `lasy' in version `bold'
(Font)                  U/lasy/m/n --> U/lasy/b/n on input line 47.
)
\c@equationnumber=\count165

amsgen already loaded)
(/usr/local/texlive/2013/texmf-dist/tex/latex/tools/xr.sty
Package: xr 1994/05/28 v5.02 eXternal References (DPC)
)

Package xr Warning: 
No file supp.aux
LABELS NOT IMPORTED.
 on input line 63.

(./thesis.aux)
\openout1 = `thesis.aux'.

LaTeX Font Info:    Checking defaults for OML/cmm/m/it on input line 65.
LaTeX Font Info:    ... okay on input line 65.
LaTeX Font Info:    Checking defaults for T1/cmr/m/n on input line 65.
LaTeX Font Info:    ... okay on input line 65.
LaTeX Font Info:    Checking defaults for OT1/cmr/m/n on input line 65.
LaTeX Font Info:    ... okay on input line 65.
LaTeX Font Info:    Checking defaults for OMS/cmsy/m/n on input line 65.
LaTeX Font Info:    ... okay on input line 65.
LaTeX Font Info:    Checking defaults for OMX/cmex/m/n on input line 65.
LaTeX Font Info:    ... okay on input line 65.
LaTeX Font Info:    Checking defaults for U/cmr/m/n on input line 65.
LaTeX Font Info:    ... okay on input line 65.

(/usr/local/texlive/2013/texmf-dist/tex/context/base/supp-pdf.mkii
[Loading MPS to PDF converter (version 2006.09.02).]
\scratchcounter=\count166
\scratchdimen=\dimen155
\scratchbox=\box35
\nofMPsegments=\count167
\nofMParguments=\count168
\everyMPshowfont=\toks53
\MPscratchCnt=\count169
\MPscratchDim=\dimen156
\MPnumerator=\count170
\makeMPintoPDFobject=\count171
\everyMPtoPDFconversion=\toks54
) (/usr/local/texlive/2013/texmf-dist/tex/generic/oberdiek/pdftexcmds.sty
Package: pdftexcmds 2011/11/29 v0.20 Utility functions of pdfTeX for LuaTeX (HO
)

(/usr/local/texlive/2013/texmf-dist/tex/generic/oberdiek/ifluatex.sty
Package: ifluatex 2010/03/01 v1.3 Provides the ifluatex switch (HO)
Package ifluatex Info: LuaTeX not detected.
)
Package pdftexcmds Info: LuaTeX not detected.
Package pdftexcmds Info: \pdf@primitive is available.
Package pdftexcmds Info: \pdf@ifprimitive is available.
Package pdftexcmds Info: \pdfdraftmode found.
)
(/usr/local/texlive/2013/texmf-dist/tex/latex/oberdiek/epstopdf-base.sty
Package: epstopdf-base 2010/02/09 v2.5 Base part for package epstopdf

(/usr/local/texlive/2013/texmf-dist/tex/latex/oberdiek/grfext.sty
Package: grfext 2010/08/19 v1.1 Manage graphics extensions (HO)

(/usr/local/texlive/2013/texmf-dist/tex/generic/oberdiek/kvdefinekeys.sty
Package: kvdefinekeys 2011/04/07 v1.3 Define keys (HO)
))
(/usr/local/texlive/2013/texmf-dist/tex/latex/oberdiek/kvoptions.sty
Package: kvoptions 2011/06/30 v3.11 Key value format for package options (HO)

(/usr/local/texlive/2013/texmf-dist/tex/generic/oberdiek/kvsetkeys.sty
Package: kvsetkeys 2012/04/25 v1.16 Key value parser (HO)

(/usr/local/texlive/2013/texmf-dist/tex/generic/oberdiek/etexcmds.sty
Package: etexcmds 2011/02/16 v1.5 Avoid name clashes with e-TeX commands (HO)
Package etexcmds Info: Could not find \expanded.
(etexcmds)             That can mean that you are not using pdfTeX 1.50 or
(etexcmds)             that some package has redefined \expanded.
(etexcmds)             In the latter case, load this package earlier.
)))
Package grfext Info: Graphics extension search list:
(grfext)             [.png,.pdf,.jpg,.mps,.jpeg,.jbig2,.jb2,.PNG,.PDF,.JPG,.JPE
G,.JBIG2,.JB2,.eps]
(grfext)             \AppendGraphicsExtensions on input line 452.

(/usr/local/texlive/2013/texmf-dist/tex/latex/latexconfig/epstopdf-sys.cfg
File: epstopdf-sys.cfg 2010/07/13 v1.3 Configuration of (r)epstopdf for TeX Liv
e
))
Package caption Info: Begin \AtBeginDocument code.
Package caption Info: subfig package v1.3 is loaded.
Package caption Info: longtable package is loaded.

(/usr/local/texlive/2013/texmf-dist/tex/latex/caption/ltcaption.sty
Package: ltcaption 2013/02/03 v1.3-62 longtable captions (AR)
)
Package caption Info: supertabular package is loaded.
Package caption Info: End \AtBeginDocument code.
LaTeX Info: Redefining \celsius on input line 65.
Package gensymb Info: Faking symbols for \degree and \celsius on input line 65.



Package gensymb Warning: Not defining \perthousand.

LaTeX Info: Redefining \ohm on input line 65.
Package gensymb Info: Using \Omega for \ohm on input line 65.

Package gensymb Warning: Not defining \micro.

\AtBeginShipoutBox=\box36
LaTeX Font Info:    Try loading font information for OMS+cmr on input line 457.

(/usr/local/texlive/2013/texmf-dist/tex/latex/base/omscmr.fd
File: omscmr.fd 1999/05/25 v2.5h Standard LaTeX font definitions
)
LaTeX Font Info:    Font shape `OMS/cmr/m/n' in size <10.95> not available
(Font)              Font shape `OMS/cmsy/m/n' tried instead on input line 457.
 [1

\openout4 = `thesis.ist'.

{/usr/local/texlive/2013/texmf-var/fonts/map/pdftex/updmap/pdftex.map}] [2

] [3

] [4] [5

]
(./thesis.toc
LaTeX Font Info:    Try loading font information for U+lasy on input line 2.
 (/usr/local/texlive/2013/texmf-dist/tex/latex/base/ulasy.fd
File: ulasy.fd 1998/08/17 v2.2e LaTeX symbol font definitions
)
[6

] [7])
\tf@toc=\write7
\openout7 = `thesis.toc'.

 [8] (./thesis.lot)
\tf@lot=\write8
\openout8 = `thesis.lot'.

 [9

] (./thesis.lof [10

])
\tf@lof=\write9
\openout9 = `thesis.lof'.


No file thesis.acr.
No file thesis.gls.
[11]
Chapter 1.
<images/CellCycle.pdf, id=43, 5787.50879pt x 5623.0918pt>
File: images/CellCycle.pdf Graphic file (type pdf)

<use images/CellCycle.pdf>
Package pdftex.def Info: images/CellCycle.pdf used on input line 911.
(pdftex.def)             Requested size: 422.77661pt x 410.73112pt.
 [1

] [2 <./images/CellCycle.pdf>]
<images/MT.png, id=3398, 817.55438pt x 610.53094pt>
File: images/MT.png Graphic file (type png)
 <use images/MT.png>
Package pdftex.def Info: images/MT.png used on input line 1006.
(pdftex.def)             Requested size: 422.77661pt x 315.72652pt.

[3] [4 <./images/MT.png>] [5] [6]
Package epstopdf Info: Source file: <images/lj.eps>
(epstopdf)                    date: 2015-06-03 23:20:46
(epstopdf)                    size: 13626 bytes
(epstopdf)             Output file: <images/lj-eps-converted-to.pdf>
(epstopdf)                    date: 2015-06-03 23:20:46
(epstopdf)                    size: 7708 bytes
(epstopdf)             Command: <repstopdf --outfile=images/lj-eps-converted-to
.pdf images/lj.eps>
(epstopdf)             \includegraphics on input line 1186.
Package epstopdf Info: Output file is already uptodate.

<images/lj-eps-converted-to.pdf, id=3417, 672.5125pt x 489.83pt>
File: images/lj-eps-converted-to.pdf Graphic file (type pdf)

<use images/lj-eps-converted-to.pdf>
Package pdftex.def Info: images/lj-eps-converted-to.pdf used on input line 1186
.
(pdftex.def)             Requested size: 328.82706pt x 239.50307pt.
 [7 <./images/lj-eps-converted-to.pdf>]
[8] [9] [10] [11] [12] <images/aim.jpg, id=3451, 578.16pt x 565.11125pt>
File: images/aim.jpg Graphic file (type jpg)

<use images/aim.jpg>
Package pdftex.def Info: images/aim.jpg used on input line 1549.
(pdftex.def)             Requested size: 258.36667pt x 252.53001pt.
LaTeX Font Info:    Font shape `U/lasy/b/n' in size <8> not available
(Font)              Font shape `U/lasy/m/n' tried instead on input line 1555.
LaTeX Font Info:    Font shape `U/lasy/b/n' in size <6> not available
(Font)              Font shape `U/lasy/m/n' tried instead on input line 1555.
 [13 <./images/aim.jpg>]
Overfull \hbox (9.49065pt too wide) in paragraph at lines 1613--1628
\OT1/cmr/m/n/10.95 In the next chap-ters, our anal-y-sis of the dy-namic in-sta
-bil-ity of mi-cro-tubules and as-so-ci-ated chemother-
 []

[14] [15]
Chapter 2.
[16

] <images/EpoA.pdf, id=3467, 645.41125pt x 309.155pt>
File: images/EpoA.pdf Graphic file (type pdf)
 <use images/EpoA.pdf>
Package pdftex.def Info: images/EpoA.pdf used on input line 1674.
(pdftex.def)             Requested size: 130.88284pt x 62.69316pt.

<images/Paclitaxel.pdf, id=3468, 685.56125pt x 504.88625pt>
File: images/Paclitaxel.pdf Graphic file (type pdf)

<use images/Paclitaxel.pdf>
Package pdftex.def Info: images/Paclitaxel.pdf used on input line 1676.
(pdftex.def)             Requested size: 142.26378pt x 104.7658pt.

<images/SarcodictyinA.pdf, id=3469, 713.66624pt x 315.1775pt>
File: images/SarcodictyinA.pdf Graphic file (type pdf)

<use images/SarcodictyinA.pdf>
Package pdftex.def Info: images/SarcodictyinA.pdf used on input line 1678.
(pdftex.def)             Requested size: 156.49014pt x 69.10841pt.

<images/Discodermolide.pdf, id=3470, 628.3475pt x 616.3025pt>
File: images/Discodermolide.pdf Graphic file (type pdf)

<use images/Discodermolide.pdf>
Package pdftex.def Info: images/Discodermolide.pdf used on input line 1680.
(pdftex.def)             Requested size: 116.65646pt x 114.41855pt.

<images/Eleutherobin.pdf, id=3471, 887.315pt x 329.23pt>
File: images/Eleutherobin.pdf Graphic file (type pdf)

<use images/Eleutherobin.pdf>
Package pdftex.def Info: images/Eleutherobin.pdf used on input line 1681.
(pdftex.def)             Requested size: 145.10922pt x 53.83833pt.

<images/Laulimalide.pdf, id=3472, 640.3925pt x 420.57124pt>
File: images/Laulimalide.pdf Graphic file (type pdf)

<use images/Laulimalide.pdf>
Package pdftex.def Info: images/Laulimalide.pdf used on input line 1683.
(pdftex.def)             Requested size: 125.19194pt x 82.21321pt.


LaTeX Warning: `h' float specifier changed to `ht'.

[17]
Missing character: There is no À in font cmr10!
Missing character: There is no ö in font cmr10!
 <images/Flowchart.pdf, id=3476, 597.23125pt x 586.19pt>
File: images/Flowchart.pdf Graphic file (type pdf)

<use images/Flowchart.pdf>
Package pdftex.def Info: images/Flowchart.pdf used on input line 1713.
(pdftex.def)             Requested size: 281.85585pt x 276.6453pt.
 [18 <./images/EpoA.pdf> <./images/Paclitaxel.pdf> <./images/SarcodictyinA.pdf>
 <./images/Discodermolide.pdf> <./images/Eleutherobin.pdf> <./images/Laulimalid
e.pdf>] [19 <./images/Flowchart.pdf>] [20] [21]
Overfull \hbox (2.63568pt too wide) in paragraph at lines 1805--1805
 []|\OT1/cmr/m/n/10.95 Rank| 
 []

<images/CID_44333743.png, id=3572, 746.79pt x 416.55624pt>
File: images/CID_44333743.png Graphic file (type png)

<use images/CID_44333743.png>
Package pdftex.def Info: images/CID_44333743.png used on input line 1810.
(pdftex.def)             Requested size: 113.81102pt x 63.47864pt.

<images/CID_23242270.png, id=3574, 631.35875pt x 384.43625pt>
File: images/CID_23242270.png Graphic file (type png)

<use images/CID_23242270.png>
Package pdftex.def Info: images/CID_23242270.png used on input line 1812.
(pdftex.def)             Requested size: 113.81102pt x 69.29526pt.

<images/CID_20822803.png, id=3575, 366.36874pt x 351.3125pt>
File: images/CID_20822803.png Graphic file (type png)

<use images/CID_20822803.png>
Package pdftex.def Info: images/CID_20822803.png used on input line 1814.
(pdftex.def)             Requested size: 105.2751pt x 100.94527pt.

<images/CID_448799.png, id=3576, 449.68pt x 342.27875pt>
File: images/CID_448799.png Graphic file (type png)

<use images/CID_448799.png>
Package pdftex.def Info: images/CID_448799.png used on input line 1816.
(pdftex.def)             Requested size: 113.81102pt x 86.62968pt.

<images/CID_10625150.png, id=3577, 359.37pt x 185.13pt>
File: images/CID_10625150.png Graphic file (type png)

<use images/CID_10625150.png>
Package pdftex.def Info: images/CID_10625150.png used on input line 1818.
(pdftex.def)             Requested size: 128.0374pt x 65.9603pt.

<images/CID_10477941.png, id=3578, 396.48125pt x 414.54875pt>
File: images/CID_10477941.png Graphic file (type png)

<use images/CID_10477941.png>
Package pdftex.def Info: images/CID_10477941.png used on input line 1820.
(pdftex.def)             Requested size: 76.82234pt x 80.32115pt.

<images/Redock4.png, id=3579, 1021.8175pt x 1116.17pt>
File: images/Redock4.png Graphic file (type png)

<use images/Redock4.png>
Package pdftex.def Info: images/Redock4.png used on input line 1842.
(pdftex.def)             Requested size: 281.85585pt x 307.8759pt.
 [22] [23 <./images/CID_44333743.png> <./images/CID_23242270.png> <./images/CID
_20822803.png> <./images/CID_448799.png> <./images/CID_10625150.png> <./images/
CID_10477941.png>] [24 <./images/Redock4.png>]
<images/1682031551.png, id=3596, 504.88625pt x 502.87875pt>
File: images/1682031551.png Graphic file (type png)

<use images/1682031551.png>
Package pdftex.def Info: images/1682031551.png used on input line 1867.
(pdftex.def)             Requested size: 73.97733pt x 73.67903pt.

<images/1682031559.png, id=3597, 590.205pt x 494.84875pt>
File: images/1682031559.png Graphic file (type png)

<use images/1682031559.png>
Package pdftex.def Info: images/1682031559.png used on input line 1869.
(pdftex.def)             Requested size: 76.82234pt x 64.4081pt.

<images/1682031553.png, id=3598, 590.205pt x 494.84875pt>
File: images/1682031553.png Graphic file (type png)

<use images/1682031553.png>
Package pdftex.def Info: images/1682031553.png used on input line 1871.
(pdftex.def)             Requested size: 76.82234pt x 64.4081pt.

<images/1com2.png, id=3599, 740.7675pt x 478.78876pt>
File: images/1com2.png Graphic file (type png)
 <use images/1com2.png>
Package pdftex.def Info: images/1com2.png used on input line 1889.
(pdftex.def)             Requested size: 225.48038pt x 145.73447pt.

<images/epocom3.png, id=3600, 743.77875pt x 492.84125pt>
File: images/epocom3.png Graphic file (type png)

<use images/epocom3.png>
Package pdftex.def Info: images/epocom3.png used on input line 1891.
(pdftex.def)             Requested size: 225.48038pt x 149.40265pt.
 [25 <./images/1682031551.png> <./images/1682031559.png> <./images/1682031553.p
ng>]
Missing character: There is no ‚ in font cmr8!
Missing character: There is no à in font cmr8!
Missing character: There is no í in font cmr8!

<images/8-13_rmsd.pdf, id=3607, 795.18903pt x 614.51402pt>
File: images/8-13_rmsd.pdf Graphic file (type pdf)

<use images/8-13_rmsd.pdf>
Package pdftex.def Info: images/8-13_rmsd.pdf used on input line 1918.
(pdftex.def)             Requested size: 230.18251pt x 159.9611pt.

<images/246_rmsd.pdf, id=3609, 794.97pt x 614.295pt>
File: images/246_rmsd.pdf Graphic file (type pdf)
 <use images/246_rmsd.pdf>
Package pdftex.def Info: images/246_rmsd.pdf used on input line 1919.
(pdftex.def)             Requested size: 230.18251pt x 159.93428pt.


LaTeX Warning: `h' float specifier changed to `ht'.

<images/Regression_plot.pdf, id=3611, 794.97pt x 614.295pt>
File: images/Regression_plot.pdf Graphic file (type pdf)

<use images/Regression_plot.pdf>
Package pdftex.def Info: images/Regression_plot.pdf used on input line 1958.
(pdftex.def)             Requested size: 328.82706pt x 224.9836pt.
 [26 <./images/1com2.png (PNG copy)> <./images/epocom3.png (PNG copy)>] [27 <./
images/8-13_rmsd.pdf> <./images/246_rmsd.pdf, page is rotated 90 degrees> <./im
ages/Regression_plot.pdf>] [28] [29] [30]
Chapter 3.
[31

] <images/LankStruc.pdf, id=3658, 618.63121pt x 359.1819pt>
File: images/LankStruc.pdf Graphic file (type pdf)

<use images/LankStruc.pdf>
Package pdftex.def Info: images/LankStruc.pdf used on input line 2103.
(pdftex.def)             Requested size: 460.35788pt x 267.28665pt.
 [32 <./images/LankStruc.pdf>] [33] [34]
<images/LankC_PorcCyto.pdf, id=3676, 2007.5pt x 872.25874pt>
File: images/LankC_PorcCyto.pdf Graphic file (type pdf)

<use images/LankC_PorcCyto.pdf>
Package pdftex.def Info: images/LankC_PorcCyto.pdf used on input line 2214.
(pdftex.def)             Requested size: 469.75499pt x 204.1024pt.

<images/LankA_PorcCyto.pdf, id=3677, 2047.65pt x 872.25874pt>
File: images/LankA_PorcCyto.pdf Graphic file (type pdf)

<use images/LankA_PorcCyto.pdf>
Package pdftex.def Info: images/LankA_PorcCyto.pdf used on input line 2223.
(pdftex.def)             Requested size: 469.75499pt x 200.0962pt.

<images/LankC_Recom.pdf, id=3678, 2218.2875pt x 872.25874pt>
File: images/LankC_Recom.pdf Graphic file (type pdf)

<use images/LankC_Recom.pdf>
Package pdftex.def Info: images/LankC_Recom.pdf used on input line 2241.
(pdftex.def)             Requested size: 469.75499pt x 184.71034pt.

<images/LankA_Recom.pdf, id=3679, 2218.2875pt x 872.25874pt>
File: images/LankA_Recom.pdf Graphic file (type pdf)

<use images/LankA_Recom.pdf>
Package pdftex.def Info: images/LankA_Recom.pdf used on input line 2251.
(pdftex.def)             Requested size: 469.75499pt x 184.71034pt.
 [35 <./images/LankC_PorcCyto.pdf>] [36 <./images/LankA_PorcCyto.pdf> <./images
/LankC_Recom.pdf

pdfTeX warning: /Library/TeX/texbin/pdflatex (file ./images/LankC_Recom.pdf): P
DF inclusion: multiple pdfs with page group included in a single page
>] [37 <./images/LankA_Recom.pdf>]
Chapter 4.
[38

] [39] <images/qtaim.pdf, id=3723, 614.295pt x 794.97pt>
File: images/qtaim.pdf Graphic file (type pdf)

<use images/qtaim.pdf>
Package pdftex.def Info: images/qtaim.pdf used on input line 2364.
(pdftex.def)             Requested size: 225.48038pt x 179.25874pt.
 <images/owbo.pdf, id=3725, 614.295pt x 794.97pt>
File: images/owbo.pdf Graphic file (type pdf)

<use images/owbo.pdf>
Package pdftex.def Info: images/owbo.pdf used on input line 2366.
(pdftex.def)             Requested size: 225.48038pt x 179.25874pt.
 <images/wbi.pdf, id=3727, 614.295pt x 794.97pt>
File: images/wbi.pdf Graphic file (type pdf)

<use images/wbi.pdf>
Package pdftex.def Info: images/wbi.pdf used on input line 2368.
(pdftex.def)             Requested size: 225.48038pt x 179.25874pt.
 <images/moc.pdf, id=3729, 614.295pt x 794.97pt>
File: images/moc.pdf Graphic file (type pdf)

<use images/moc.pdf>
Package pdftex.def Info: images/moc.pdf used on input line 2370.
(pdftex.def)             Requested size: 225.48038pt x 179.25874pt.


LaTeX Warning: Reference `t:S-HBP-descriptors' on page 40 undefined on input li
ne 2379.


LaTeX Warning: Reference `t:S-HBP-descriptors' on page 40 undefined on input li
ne 2431.


LaTeX Warning: Reference `t:S-HBP-descriptors' on page 40 undefined on input li
ne 2432.

<images/owbo_opt.pdf, id=3731, 614.295pt x 794.97pt>
File: images/owbo_opt.pdf Graphic file (type pdf)
 <use images/owbo_opt.pdf>
Package pdftex.def Info: images/owbo_opt.pdf used on input line 2440.
(pdftex.def)             Requested size: 305.33788pt x 242.75822pt.

[40] [41 <./images/qtaim.pdf> <./images/owbo.pdf> <./images/wbi.pdf> <./images/
moc.pdf>]
Overfull \hbox (0.60828pt too wide) in alignment at lines 2496--2511
[] [] [] [] [] [] [] 
 []

[42] [43 <./images/owbo_opt.pdf>] [44]

LaTeX Warning: Reference `t:S-HBP-descriptors' on page 45 undefined on input li
ne 2536.


LaTeX Warning: Reference `t:S-HBP-descriptors5' on page 45 undefined on input l
ine 2536.

[45] [46]
Chapter 5.
[47

] [48] <images/System.pdf, id=3844, 734.745pt x 550.30594pt>
File: images/System.pdf Graphic file (type pdf)

<use images/System.pdf>
Package pdftex.def Info: images/System.pdf used on input line 2635.
(pdftex.def)             Requested size: 375.80542pt x 280.73335pt.
 [49 <./images/System.pdf>] [50] [51]

LaTeX Warning: Reference `f:S-THB-rmsd' on page 52 undefined on input line 2763
.

[52]

LaTeX Warning: Reference `f:S-THB-LongAB' on page 53 undefined on input line 27
83.

[53] [54]

LaTeX Warning: Reference `f:S-THB-LatB' on page 55 undefined on input line 2839
.

[55] <images/HB-LongAB.pdf, id=3876, 853.1875pt x 726.715pt>
File: images/HB-LongAB.pdf Graphic file (type pdf)

<use images/HB-LongAB.pdf>
Package pdftex.def Info: images/HB-LongAB.pdf used on input line 2850.
(pdftex.def)             Requested size: 328.82706pt x 280.09106pt.
 [56 <./images/HB-LongAB.pdf>]
<images/H3-rot.pdf, id=3901, 625.13548pt x 382.3083pt>
File: images/H3-rot.pdf Graphic file (type pdf)
 <use images/H3-rot.pdf>
Package pdftex.def Info: images/H3-rot.pdf used on input line 2915.
(pdftex.def)             Requested size: 422.77661pt x 275.90753pt.

[57] [58 <./images/H3-rot.pdf>]
<images/beta-beta.pdf, id=3929, 484.9317pt x 465.4188pt>
File: images/beta-beta.pdf Graphic file (type pdf)

<use images/beta-beta.pdf>
Package pdftex.def Info: images/beta-beta.pdf used on input line 2934.
(pdftex.def)             Requested size: 218.43434pt x 209.64246pt.

<images/alpha-alpha.pdf, id=3930, 409.04819pt x 405.43471pt>
File: images/alpha-alpha.pdf Graphic file (type pdf)

<use images/alpha-alpha.pdf>
Package pdftex.def Info: images/alpha-alpha.pdf used on input line 2936.
(pdftex.def)             Requested size: 211.3883pt x 209.51573pt.


LaTeX Warning: Reference `t:S-THB-LatB' on page 59 undefined on input line 2951
.

[59 <./images/beta-beta.pdf> <./images/alpha-alpha.pdf

pdfTeX warning: /Library/TeX/texbin/pdflatex (file ./images/alpha-alpha.pdf): P
DF inclusion: multiple pdfs with page group included in a single page
>]

LaTeX Warning: Reference `f:S-THB-LatA' on page 60 undefined on input line 2963
.

[60] <images/alpha-beta.pdf, id=3977, 437.2335pt x 406.15741pt>
File: images/alpha-beta.pdf Graphic file (type pdf)

<use images/alpha-beta.pdf>
Package pdftex.def Info: images/alpha-beta.pdf used on input line 3026.
(pdftex.def)             Requested size: 211.3883pt x 196.36636pt.

<images/beta-alpha.pdf, id=3978, 445.18318pt x 416.99791pt>
File: images/beta-alpha.pdf Graphic file (type pdf)

<use images/beta-alpha.pdf>
Package pdftex.def Info: images/beta-alpha.pdf used on input line 3028.
(pdftex.def)             Requested size: 211.3883pt x 198.00607pt.
 [61] [62 <./images/alpha-beta.pdf> <./images/beta-alpha.pdf

pdfTeX warning: /Library/TeX/texbin/pdflatex (file ./images/beta-alpha.pdf): PD
F inclusion: multiple pdfs with page group included in a single page
>] [63]
Chapter 6.
<images/Fig1.pdf, id=4028, 1214.13597pt x 748.71718pt>
File: images/Fig1.pdf Graphic file (type pdf)
 <use images/Fig1.pdf>
Package pdftex.def Info: images/Fig1.pdf used on input line 3070.
(pdftex.def)             Requested size: 460.35788pt x 283.88713pt.


LaTeX Warning: `h' float specifier changed to `ht'.

[64

] [65 <./images/Fig1.pdf>] [66] [67]
<images/Fig3.pdf, id=4048, 338.7054pt x 313.8927pt>
File: images/Fig3.pdf Graphic file (type pdf)
 <use images/Fig3.pdf>
Package pdftex.def Info: images/Fig3.pdf used on input line 3245.
(pdftex.def)             Requested size: 375.80542pt x 348.2909pt.

[68 <./images/Fig3.pdf>] <images/Fig2.pdf, id=4060, 361.35pt x 240.9pt>
File: images/Fig2.pdf Graphic file (type pdf)

<use images/Fig2.pdf>
Package pdftex.def Info: images/Fig2.pdf used on input line 3295.
(pdftex.def)             Requested size: 422.77661pt x 281.85185pt.


LaTeX Warning: `h' float specifier changed to `ht'.

[69] [70 <./images/Fig2.pdf>]
<images/Fig4.pdf, id=4074, 542.025pt x 282.57568pt>
File: images/Fig4.pdf Graphic file (type pdf)
 <use images/Fig4.pdf>
Package pdftex.def Info: images/Fig4.pdf used on input line 3415.
(pdftex.def)             Requested size: 465.06001pt x 242.45844pt.


LaTeX Warning: `h' float specifier changed to `ht'.

[71] <images/Fig5.pdf, id=4078, 541.6764pt x 264.68016pt>
File: images/Fig5.pdf Graphic file (type pdf)

<use images/Fig5.pdf>
Package pdftex.def Info: images/Fig5.pdf used on input line 3479.
(pdftex.def)             Requested size: 465.06001pt x 227.24893pt.


LaTeX Warning: `h' float specifier changed to `ht'.

[72 <./images/Fig4.pdf>] [73 <./images/Fig5.pdf>] [74]
<images/Edist.pdf, id=4103, 361.35pt x 181.1568pt>
File: images/Edist.pdf Graphic file (type pdf)
 <use images/Edist.pdf>
Package pdftex.def Info: images/Edist.pdf used on input line 3663.
(pdftex.def)             Requested size: 465.06001pt x 233.15143pt.

[75] [76 <./images/Edist.pdf>]
<images/Fig7.pdf, id=4120, 831.105pt x 698.85089pt>
File: images/Fig7.pdf Graphic file (type pdf)
 <use images/Fig7.pdf>
Package pdftex.def Info: images/Fig7.pdf used on input line 3766.
(pdftex.def)             Requested size: 326.58987pt x 274.6262pt.


LaTeX Warning: `h' float specifier changed to `ht'.

[77] [78 <./images/Fig7.pdf>]
<images/MTdist.pdf, id=4134, 455.30101pt x 228.3732pt>
File: images/MTdist.pdf Graphic file (type pdf)
 <use images/MTdist.pdf>
Package pdftex.def Info: images/MTdist.pdf used on input line 3825.
(pdftex.def)             Requested size: 422.77661pt x 212.06776pt.

[79 <./images/MTdist.pdf>] [80] [81]
Chapter 7.
[82

] [83] [84] (./thesis.bbl
Underfull \hbox (badness 10000) in paragraph at lines 14--18
[]\OT1/cmr/m/n/10.95 Metastatic can-cer.  $\OT1/cmtt/m/n/10.95 http : / / www .
 cancer . gov / cancertopics / what-[]is-[]cancer /
 []

[85


]
Missing character: There is no ‚ in font cmr10!
Missing character: There is no Ä in font cmr10!
Missing character: There is no â in font cmr10!
 [86]
Missing character: There is no ‚ in font cmr10!
Missing character: There is no Ä in font cmr10!
Missing character: There is no ì in font cmr10!
Missing character: There is no ‚ in font cmr10!
Missing character: There is no Ä in font cmr10!
Missing character: There is no ì in font cmr10!
 [87]
Missing character: There is no ‚ in font cmr10!
Missing character: There is no Ä in font cmr10!
Missing character: There is no â in font cmr10!
 [88] [89] [90]
Missing character: There is no ‚ in font cmr10!
Missing character: There is no Ä in font cmr10!
Missing character: There is no ê in font cmr10!
 [91] [92]
Missing character: There is no ¬ in font cmr10!
Missing character: There is no ∑ in font cmr10!
Missing character: There is no ¬ in font cmr10!
Missing character: There is no ∑ in font cmr10!
Missing character: There is no ¬ in font cmr10!
Missing character: There is no ∑ in font cmr10!
 [93] [94]) [95]
<supp.pdf, id=4199, page=1, 597.50829pt x 845.0471pt>
File: supp.pdf Graphic file (type pdf)
 <use supp.pdf, page 1>
Package pdftex.def Info: supp.pdf, page1 used on input line 4160.
(pdftex.def)             Requested size: 597.50682pt x 845.04504pt.
File: supp.pdf Graphic file (type pdf)

<use supp.pdf, page 1>
Package pdftex.def Info: supp.pdf, page1 used on input line 4160.
(pdftex.def)             Requested size: 562.12285pt x 795.00201pt.
File: supp.pdf Graphic file (type pdf)
 <use supp.pdf, page 1>
Package pdftex.def Info: supp.pdf, page1 used on input line 4160.
(pdftex.def)             Requested size: 562.12285pt x 795.00201pt.
File: supp.pdf Graphic file (type pdf)
 <use supp.pdf, page 1>
Package pdftex.def Info: supp.pdf, page1 used on input line 4160.
(pdftex.def)             Requested size: 562.12285pt x 795.00201pt.
File: supp.pdf Graphic file (type pdf)

<use supp.pdf, page 1>
Package pdftex.def Info: supp.pdf, page1 used on input line 4160.
(pdftex.def)             Requested size: 562.12285pt x 795.00201pt.
 [96 <./supp.pdf>]
<supp.pdf, id=4234, page=2, 597.50829pt x 845.0471pt>
File: supp.pdf Graphic file (type pdf)
 <use supp.pdf, page 2>
Package pdftex.def Info: supp.pdf, page2 used on input line 4160.
(pdftex.def)             Requested size: 562.12285pt x 795.00201pt.
File: supp.pdf Graphic file (type pdf)

<use supp.pdf, page 2>
Package pdftex.def Info: supp.pdf, page2 used on input line 4160.
(pdftex.def)             Requested size: 562.12285pt x 795.00201pt.
File: supp.pdf Graphic file (type pdf)
 <use supp.pdf, page 2>
Package pdftex.def Info: supp.pdf, page2 used on input line 4160.
(pdftex.def)             Requested size: 562.12285pt x 795.00201pt.
 [97 <./supp.pdf>]
<supp.pdf, id=4238, page=3, 597.50829pt x 845.0471pt>
File: supp.pdf Graphic file (type pdf)
 <use supp.pdf, page 3>
Package pdftex.def Info: supp.pdf, page3 used on input line 4160.
(pdftex.def)             Requested size: 562.12285pt x 795.00201pt.
File: supp.pdf Graphic file (type pdf)

<use supp.pdf, page 3>
Package pdftex.def Info: supp.pdf, page3 used on input line 4160.
(pdftex.def)             Requested size: 562.12285pt x 795.00201pt.
File: supp.pdf Graphic file (type pdf)
 <use supp.pdf, page 3>
Package pdftex.def Info: supp.pdf, page3 used on input line 4160.
(pdftex.def)             Requested size: 562.12285pt x 795.00201pt.
 [98 <./supp.pdf>]
<supp.pdf, id=4243, page=4, 597.50829pt x 845.0471pt>
File: supp.pdf Graphic file (type pdf)
 <use supp.pdf, page 4>
Package pdftex.def Info: supp.pdf, page4 used on input line 4160.
(pdftex.def)             Requested size: 562.12285pt x 795.00201pt.
File: supp.pdf Graphic file (type pdf)

<use supp.pdf, page 4>
Package pdftex.def Info: supp.pdf, page4 used on input line 4160.
(pdftex.def)             Requested size: 562.12285pt x 795.00201pt.
File: supp.pdf Graphic file (type pdf)
 <use supp.pdf, page 4>
Package pdftex.def Info: supp.pdf, page4 used on input line 4160.
(pdftex.def)             Requested size: 562.12285pt x 795.00201pt.
 [99 <./supp.pdf>]
<supp.pdf, id=4247, page=5, 597.50829pt x 845.0471pt>
File: supp.pdf Graphic file (type pdf)
 <use supp.pdf, page 5>
Package pdftex.def Info: supp.pdf, page5 used on input line 4160.
(pdftex.def)             Requested size: 562.12285pt x 795.00201pt.
File: supp.pdf Graphic file (type pdf)

<use supp.pdf, page 5>
Package pdftex.def Info: supp.pdf, page5 used on input line 4160.
(pdftex.def)             Requested size: 562.12285pt x 795.00201pt.
File: supp.pdf Graphic file (type pdf)
 <use supp.pdf, page 5>
Package pdftex.def Info: supp.pdf, page5 used on input line 4160.
(pdftex.def)             Requested size: 562.12285pt x 795.00201pt.
 [100 <./supp.pdf>]
<supp.pdf, id=4251, page=6, 597.50829pt x 845.0471pt>
File: supp.pdf Graphic file (type pdf)
 <use supp.pdf, page 6>
Package pdftex.def Info: supp.pdf, page6 used on input line 4160.
(pdftex.def)             Requested size: 562.12285pt x 795.00201pt.
File: supp.pdf Graphic file (type pdf)

<use supp.pdf, page 6>
Package pdftex.def Info: supp.pdf, page6 used on input line 4160.
(pdftex.def)             Requested size: 562.12285pt x 795.00201pt.
File: supp.pdf Graphic file (type pdf)
 <use supp.pdf, page 6>
Package pdftex.def Info: supp.pdf, page6 used on input line 4160.
(pdftex.def)             Requested size: 562.12285pt x 795.00201pt.
 [101 <./supp.pdf

pdfTeX warning: /Library/TeX/texbin/pdflatex (file ./supp.pdf): PDF inclusion: 
multiple pdfs with page group included in a single page
>] <supp.pdf, id=4287, page=7, 597.50829pt x 845.0471pt>
File: supp.pdf Graphic file (type pdf)

<use supp.pdf, page 7>
Package pdftex.def Info: supp.pdf, page7 used on input line 4160.
(pdftex.def)             Requested size: 562.12285pt x 795.00201pt.
File: supp.pdf Graphic file (type pdf)
 <use supp.pdf, page 7>
Package pdftex.def Info: supp.pdf, page7 used on input line 4160.
(pdftex.def)             Requested size: 562.12285pt x 795.00201pt.
File: supp.pdf Graphic file (type pdf)
 <use supp.pdf, page 7>
Package pdftex.def Info: supp.pdf, page7 used on input line 4160.
(pdftex.def)             Requested size: 562.12285pt x 795.00201pt.
 [102 <./supp.pdf>] <supp.pdf, id=4314, page=8, 597.50829pt x 845.0471pt>
File: supp.pdf Graphic file (type pdf)

<use supp.pdf, page 8>
Package pdftex.def Info: supp.pdf, page8 used on input line 4160.
(pdftex.def)             Requested size: 562.12285pt x 795.00201pt.
File: supp.pdf Graphic file (type pdf)
 <use supp.pdf, page 8>
Package pdftex.def Info: supp.pdf, page8 used on input line 4160.
(pdftex.def)             Requested size: 562.12285pt x 795.00201pt.
File: supp.pdf Graphic file (type pdf)
 <use supp.pdf, page 8>
Package pdftex.def Info: supp.pdf, page8 used on input line 4160.
(pdftex.def)             Requested size: 562.12285pt x 795.00201pt.
 [103 <./supp.pdf>] <supp.pdf, id=4318, page=9, 597.50829pt x 845.0471pt>
File: supp.pdf Graphic file (type pdf)

<use supp.pdf, page 9>
Package pdftex.def Info: supp.pdf, page9 used on input line 4160.
(pdftex.def)             Requested size: 562.12285pt x 795.00201pt.
File: supp.pdf Graphic file (type pdf)
 <use supp.pdf, page 9>
Package pdftex.def Info: supp.pdf, page9 used on input line 4160.
(pdftex.def)             Requested size: 562.12285pt x 795.00201pt.
File: supp.pdf Graphic file (type pdf)
 <use supp.pdf, page 9>
Package pdftex.def Info: supp.pdf, page9 used on input line 4160.
(pdftex.def)             Requested size: 562.12285pt x 795.00201pt.
 [104 <./supp.pdf>] <supp.pdf, id=4323, page=10, 597.50829pt x 845.0471pt>
File: supp.pdf Graphic file (type pdf)

<use supp.pdf, page 10>
Package pdftex.def Info: supp.pdf, page10 used on input line 4160.
(pdftex.def)             Requested size: 562.12285pt x 795.00201pt.
File: supp.pdf Graphic file (type pdf)
 <use supp.pdf, page 10>
Package pdftex.def Info: supp.pdf, page10 used on input line 4160.
(pdftex.def)             Requested size: 562.12285pt x 795.00201pt.
File: supp.pdf Graphic file (type pdf)
 <use supp.pdf, page 10>
Package pdftex.def Info: supp.pdf, page10 used on input line 4160.
(pdftex.def)             Requested size: 562.12285pt x 795.00201pt.

[105 <./supp.pdf>] (./thesis.aux)

LaTeX Warning: There were undefined references.

 )
(\end occurred when \ifx on line 678 was incomplete) 
Here is how much of TeX's memory you used:
 10349 strings out of 493315
 149863 string characters out of 6137904
 280498 words of memory out of 5000000
 13508 multiletter control sequences out of 15000+600000
 18129 words of font info for 68 fonts, out of 8000000 for 9000
 957 hyphenation exceptions out of 8191
 46i,18n,85p,1674b,515s stack positions out of 5000i,500n,10000p,200000b,80000s
</usr/local/texlive/2013/te
xmf-dist/fonts/type1/public/amsfonts/cm/cmbsy10.pfb></usr/local/texlive/2013/te
xmf-dist/fonts/type1/public/amsfonts/cm/cmbx10.pfb></usr/local/texlive/2013/tex
mf-dist/fonts/type1/public/amsfonts/cm/cmbx12.pfb></usr/local/texlive/2013/texm
f-dist/fonts/type1/public/amsfonts/cm/cmbx8.pfb></usr/local/texlive/2013/texmf-
dist/fonts/type1/public/amsfonts/cm/cmbx9.pfb></usr/local/texlive/2013/texmf-di
st/fonts/type1/public/amsfonts/cm/cmcsc10.pfb></usr/local/texlive/2013/texmf-di
st/fonts/type1/public/amsfonts/cm/cmex10.pfb></usr/local/texlive/2013/texmf-dis
t/fonts/type1/public/amsfonts/cm/cmmi10.pfb></usr/local/texlive/2013/texmf-dist
/fonts/type1/public/amsfonts/cm/cmmi6.pfb></usr/local/texlive/2013/texmf-dist/f
onts/type1/public/amsfonts/cm/cmmi7.pfb></usr/local/texlive/2013/texmf-dist/fon
ts/type1/public/amsfonts/cm/cmmi8.pfb></usr/local/texlive/2013/texmf-dist/fonts
/type1/public/amsfonts/cm/cmr10.pfb></usr/local/texlive/2013/texmf-dist/fonts/t
ype1/public/amsfonts/cm/cmr17.pfb></usr/local/texlive/2013/texmf-dist/fonts/typ
e1/public/amsfonts/cm/cmr6.pfb></usr/local/texlive/2013/texmf-dist/fonts/type1/
public/amsfonts/cm/cmr8.pfb></usr/local/texlive/2013/texmf-dist/fonts/type1/pub
lic/amsfonts/cm/cmr9.pfb></usr/local/texlive/2013/texmf-dist/fonts/type1/public
/amsfonts/cm/cmsy10.pfb></usr/local/texlive/2013/texmf-dist/fonts/type1/public/
amsfonts/cm/cmsy8.pfb></usr/local/texlive/2013/texmf-dist/fonts/type1/public/am
sfonts/cm/cmti10.pfb></usr/local/texlive/2013/texmf-dist/fonts/type1/public/ams
fonts/cm/cmti7.pfb></usr/local/texlive/2013/texmf-dist/fonts/type1/public/amsfo
nts/cm/cmti8.pfb></usr/local/texlive/2013/texmf-dist/fonts/type1/public/amsfont
s/cm/cmti9.pfb></usr/local/texlive/2013/texmf-dist/fonts/type1/public/amsfonts/
cm/cmtt10.pfb>
Output written on thesis.pdf (116 pages, 19063872 bytes).
PDF statistics:
 4420 PDF objects out of 5155 (max. 8388607)
 2644 compressed objects within 27 object streams
 0 named destinations out of 1000 (max. 500000)
 376 words of extra memory for PDF output out of 10000 (max. 10000000)

