This is pdfTeX, Version 3.14159265-2.6-1.40.19 (TeX Live 2018) (preloaded format=pdflatex 2018.6.13)  23 JUL 2018 15:01
entering extended mode
 restricted \write18 enabled.
 file:line:error style messages enabled.
 %&-line parsing enabled.
**chp_cuda_dfratom.tex
(./chp_cuda_dfratom.tex
LaTeX2e <2018-04-01> patch level 5
./chp_cuda_dfratom.tex:1: Undefined control sequence.
l.1 \chapter
            {cudaDFRATOM}
? 
./chp_cuda_dfratom.tex:1: Emergency stop.
l.1 \chapter
            {cudaDFRATOM}
End of file on the terminal!

 
Here is how much of TeX's memory you used:
 5 strings out of 492646
 163 string characters out of 6129563
 56384 words of memory out of 5000000
 3991 multiletter control sequences out of 15000+600000
 3640 words of font info for 14 fonts, out of 8000000 for 9000
 1141 hyphenation exceptions out of 8191
 5i,0n,1p,44b,8s stack positions out of 5000i,500n,10000p,200000b,80000s
./chp_cuda_dfratom.tex:1:  ==> Fatal error occurred, no output PDF file produce
d!
