This is pdfTeX, Version 3.14159265-2.6-1.40.19 (TeX Live 2018) (preloaded format=pdflatex 2018.6.13)  26 JUN 2018 12:09
entering extended mode
 restricted \write18 enabled.
 file:line:error style messages enabled.
 %&-line parsing enabled.
**thesis.tex
(./thesis.tex
LaTeX2e <2018-04-01> patch level 5
(/usr/local/texlive/2018/texmf-dist/tex/latex/base/report.cls
Document Class: report 2014/09/29 v1.4h Standard LaTeX document class
(/usr/local/texlive/2018/texmf-dist/tex/latex/base/size12.clo
File: size12.clo 2014/09/29 v1.4h Standard LaTeX file (size option)
)
\c@part=\count80
\c@chapter=\count81
\c@section=\count82
\c@subsection=\count83
\c@subsubsection=\count84
\c@paragraph=\count85
\c@subparagraph=\count86
\c@figure=\count87
\c@table=\count88
\abovecaptionskip=\skip41
\belowcaptionskip=\skip42
\bibindent=\dimen102
)
(/usr/local/texlive/2018/texmf-dist/tex/latex/graphics/graphicx.sty
Package: graphicx 2017/06/01 v1.1a Enhanced LaTeX Graphics (DPC,SPQR)

(/usr/local/texlive/2018/texmf-dist/tex/latex/graphics/keyval.sty
Package: keyval 2014/10/28 v1.15 key=value parser (DPC)
\KV@toks@=\toks14
)
(/usr/local/texlive/2018/texmf-dist/tex/latex/graphics/graphics.sty
Package: graphics 2017/06/25 v1.2c Standard LaTeX Graphics (DPC,SPQR)

(/usr/local/texlive/2018/texmf-dist/tex/latex/graphics/trig.sty
Package: trig 2016/01/03 v1.10 sin cos tan (DPC)
)
(/usr/local/texlive/2018/texmf-dist/tex/latex/graphics-cfg/graphics.cfg
File: graphics.cfg 2016/06/04 v1.11 sample graphics configuration
)
Package graphics Info: Driver file: pdftex.def on input line 99.

(/usr/local/texlive/2018/texmf-dist/tex/latex/graphics-def/pdftex.def
File: pdftex.def 2018/01/08 v1.0l Graphics/color driver for pdftex
))
\Gin@req@height=\dimen103
\Gin@req@width=\dimen104
)
(/usr/local/texlive/2018/texmf-dist/tex/latex/graphics/epsfig.sty
Package: epsfig 2017/06/25 v1.7b (e)psfig emulation (SPQR)
\epsfxsize=\dimen105
\epsfysize=\dimen106
)
(/usr/local/texlive/2018/texmf-dist/tex/latex/subfig/subfig.sty
Package: subfig 2005/06/28 ver: 1.3 subfig package

(/usr/local/texlive/2018/texmf-dist/tex/latex/caption/caption.sty
Package: caption 2018/05/01 v3.3-147 Customizing captions (AR)

(/usr/local/texlive/2018/texmf-dist/tex/latex/caption/caption3.sty
Package: caption3 2018/05/27 v1.8a caption3 kernel (AR)
Package caption3 Info: TeX engine: e-TeX on input line 64.
\captionmargin=\dimen107
\captionmargin@=\dimen108
\captionwidth=\dimen109
\caption@tempdima=\dimen110
\caption@indent=\dimen111
\caption@parindent=\dimen112
\caption@hangindent=\dimen113
)
\c@ContinuedFloat=\count89
)
\c@KVtest=\count90
\sf@farskip=\skip43
\sf@captopadj=\dimen114
\sf@capskip=\skip44
\sf@nearskip=\skip45
\c@subfigure=\count91
\c@subfigure@save=\count92
\c@lofdepth=\count93
\c@subtable=\count94
\c@subtable@save=\count95
\c@lotdepth=\count96
\sf@top=\skip46
\sf@bottom=\skip47
)
(/usr/local/texlive/2018/texmf-dist/tex/latex/amsmath/amsmath.sty
Package: amsmath 2017/09/02 v2.17a AMS math features
\@mathmargin=\skip48

For additional information on amsmath, use the `?' option.
(/usr/local/texlive/2018/texmf-dist/tex/latex/amsmath/amstext.sty
Package: amstext 2000/06/29 v2.01 AMS text

(/usr/local/texlive/2018/texmf-dist/tex/latex/amsmath/amsgen.sty
File: amsgen.sty 1999/11/30 v2.0 generic functions
\@emptytoks=\toks15
\ex@=\dimen115
))
(/usr/local/texlive/2018/texmf-dist/tex/latex/amsmath/amsbsy.sty
Package: amsbsy 1999/11/29 v1.2d Bold Symbols
\pmbraise@=\dimen116
)
(/usr/local/texlive/2018/texmf-dist/tex/latex/amsmath/amsopn.sty
Package: amsopn 2016/03/08 v2.02 operator names
)
\inf@bad=\count97
LaTeX Info: Redefining \frac on input line 213.
\uproot@=\count98
\leftroot@=\count99
LaTeX Info: Redefining \overline on input line 375.
\classnum@=\count100
\DOTSCASE@=\count101
LaTeX Info: Redefining \ldots on input line 472.
LaTeX Info: Redefining \dots on input line 475.
LaTeX Info: Redefining \cdots on input line 596.
\Mathstrutbox@=\box26
\strutbox@=\box27
\big@size=\dimen117
LaTeX Font Info:    Redeclaring font encoding OML on input line 712.
LaTeX Font Info:    Redeclaring font encoding OMS on input line 713.
\macc@depth=\count102
\c@MaxMatrixCols=\count103
\dotsspace@=\muskip10
\c@parentequation=\count104
\dspbrk@lvl=\count105
\tag@help=\toks16
\row@=\count106
\column@=\count107
\maxfields@=\count108
\andhelp@=\toks17
\eqnshift@=\dimen118
\alignsep@=\dimen119
\tagshift@=\dimen120
\tagwidth@=\dimen121
\totwidth@=\dimen122
\lineht@=\dimen123
\@envbody=\toks18
\multlinegap=\skip49
\multlinetaggap=\skip50
\mathdisplay@stack=\toks19
LaTeX Info: Redefining \[ on input line 2817.
LaTeX Info: Redefining \] on input line 2818.
)
(./uathesis.sty)
(/usr/local/texlive/2018/texmf-dist/tex/latex/graphics/lscape.sty
Package: lscape 2000/10/22 v3.01 Landscape Pages (DPC)
)
(/usr/local/texlive/2018/texmf-dist/tex/latex/tools/longtable.sty
Package: longtable 2014/10/28 v4.11 Multi-page Table package (DPC)
\LTleft=\skip51
\LTright=\skip52
\LTpre=\skip53
\LTpost=\skip54
\LTchunksize=\count109
\LTcapwidth=\dimen124
\LT@head=\box28
\LT@firsthead=\box29
\LT@foot=\box30
\LT@lastfoot=\box31
\LT@cols=\count110
\LT@rows=\count111
\c@LT@tables=\count112
\c@LT@chunks=\count113
\LT@p@ftn=\toks20
)
(/usr/local/texlive/2018/texmf-dist/tex/latex/natbib/natbib.sty
Package: natbib 2010/09/13 8.31b (PWD, AO)
\bibhang=\skip55
\bibsep=\skip56
LaTeX Info: Redefining \cite on input line 694.
\c@NAT@ctr=\count114
)
(/usr/local/texlive/2018/texmf-dist/tex/latex/booktabs/booktabs.sty
Package: booktabs 2016/04/27 v1.618033 publication quality tables
\heavyrulewidth=\dimen125
\lightrulewidth=\dimen126
\cmidrulewidth=\dimen127
\belowrulesep=\dimen128
\belowbottomsep=\dimen129
\aboverulesep=\dimen130
\abovetopsep=\dimen131
\cmidrulesep=\dimen132
\cmidrulekern=\dimen133
\defaultaddspace=\dimen134
\@cmidla=\count115
\@cmidlb=\count116
\@aboverulesep=\dimen135
\@belowrulesep=\dimen136
\@thisruleclass=\count117
\@lastruleclass=\count118
\@thisrulewidth=\dimen137
)
(/usr/local/texlive/2018/texmf-dist/tex/latex/multirow/multirow.sty
Package: multirow 2016/11/25 v2.2 Span multiple rows of a table
\multirow@colwidth=\skip57
\multirow@cntb=\count119
\multirow@dima=\skip58
\bigstrutjot=\dimen138
)
(/usr/local/texlive/2018/texmf-dist/tex/latex/amsfonts/amssymb.sty
Package: amssymb 2013/01/14 v3.01 AMS font symbols

(/usr/local/texlive/2018/texmf-dist/tex/latex/amsfonts/amsfonts.sty
Package: amsfonts 2013/01/14 v3.01 Basic AMSFonts support
\symAMSa=\mathgroup4
\symAMSb=\mathgroup5
LaTeX Font Info:    Overwriting math alphabet `\mathfrak' in version `bold'
(Font)                  U/euf/m/n --> U/euf/b/n on input line 106.
))
(/usr/local/texlive/2018/texmf-dist/tex/latex/listings/listings.sty
\lst@mode=\count120
\lst@gtempboxa=\box32
\lst@token=\toks21
\lst@length=\count121
\lst@currlwidth=\dimen139
\lst@column=\count122
\lst@pos=\count123
\lst@lostspace=\dimen140
\lst@width=\dimen141
\lst@newlines=\count124
\lst@lineno=\count125
\lst@maxwidth=\dimen142

(/usr/local/texlive/2018/texmf-dist/tex/latex/listings/lstmisc.sty
File: lstmisc.sty 2015/06/04 1.6 (Carsten Heinz)
\c@lstnumber=\count126
\lst@skipnumbers=\count127
\lst@framebox=\box33
)
(/usr/local/texlive/2018/texmf-dist/tex/latex/listings/listings.cfg
File: listings.cfg 2015/06/04 1.6 listings configuration
))
Package: listings 2015/06/04 1.6 (Carsten Heinz)

(/usr/local/texlive/2018/texmf-dist/tex/latex/xcolor/xcolor.sty
Package: xcolor 2016/05/11 v2.12 LaTeX color extensions (UK)

(/usr/local/texlive/2018/texmf-dist/tex/latex/graphics-cfg/color.cfg
File: color.cfg 2016/01/02 v1.6 sample color configuration
)
Package xcolor Info: Driver file: pdftex.def on input line 225.
Package xcolor Info: Model `cmy' substituted by `cmy0' on input line 1348.
Package xcolor Info: Model `hsb' substituted by `rgb' on input line 1352.
Package xcolor Info: Model `RGB' extended on input line 1364.
Package xcolor Info: Model `HTML' substituted by `rgb' on input line 1366.
Package xcolor Info: Model `Hsb' substituted by `hsb' on input line 1367.
Package xcolor Info: Model `tHsb' substituted by `hsb' on input line 1368.
Package xcolor Info: Model `HSB' substituted by `hsb' on input line 1369.
Package xcolor Info: Model `Gray' substituted by `gray' on input line 1370.
Package xcolor Info: Model `wave' substituted by `hsb' on input line 1371.
)
(/usr/local/texlive/2018/texmf-dist/tex/latex/algorithms/algorithm.sty
Package: algorithm 2009/08/24 v0.1 Document Style `algorithm' - floating enviro
nment

(/usr/local/texlive/2018/texmf-dist/tex/latex/float/float.sty
Package: float 2001/11/08 v1.3d Float enhancements (AL)
\c@float@type=\count128
\float@exts=\toks22
\float@box=\box34
\@float@everytoks=\toks23
\@floatcapt=\box35
)
(/usr/local/texlive/2018/texmf-dist/tex/latex/base/ifthen.sty
Package: ifthen 2014/09/29 v1.1c Standard LaTeX ifthen package (DPC)
)
\@float@every@algorithm=\toks24
\c@algorithm=\count129
)
(/usr/local/texlive/2018/texmf-dist/tex/latex/algorithms/algorithmic.sty
Package: algorithmic 2009/08/24 v0.1 Document Style `algorithmic'
\c@ALC@unique=\count130
\c@ALC@line=\count131
\c@ALC@rem=\count132
\c@ALC@depth=\count133
\ALC@tlm=\skip59
\algorithmicindent=\skip60
)
\c@theorem=\count134


./thesis.tex:107: LaTeX Error: Command \algorithm already defined.
               Or name \end... illegal, see p.192 of the manual.

See the LaTeX manual or LaTeX Companion for explanation.
Type  H <return>  for immediate help.
 ...                                              
                                                  
l.107 \newtheorem{algorithm}[theorem]{Algorithm}
                                                
? 
(./tcilatex.tex
TCILATEX Macros for Scientific Word 2.5 <22 Dec 95>.
NOTICE: This macro file is NOT proprietary and may be freely copied and distrib
uted.
\@hour=\count135
\@minute=\count136
\GRAPHICSTYPE=\count137
\draft=\count138
\dispkind=\count139
\theight=\dimen143
LaTeX Info: Redefining \rm on input line 557.
LaTeX Info: Redefining \sf on input line 558.
LaTeX Info: Redefining \tt on input line 559.
LaTeX Info: Redefining \bf on input line 560.
LaTeX Info: Redefining \it on input line 561.
LaTeX Info: Redefining \sl on input line 562.
LaTeX Info: Redefining \sc on input line 563.
(/usr/local/texlive/2018/texmf-dist/tex/latex/base/latexsym.sty
Package: latexsym 1998/08/17 v2.2e Standard LaTeX package (lasy symbols)
\symlasy=\mathgroup6
LaTeX Font Info:    Overwriting symbol font `lasy' in version `bold'
(Font)                  U/lasy/m/n --> U/lasy/b/n on input line 52.
)
\c@equationnumber=\count140

amsgen already loaded)
(/usr/local/texlive/2018/texmf-dist/tex/latex/tools/xr.sty
Package: xr 1994/05/28 v5.02 eXternal References (DPC)
)

Package xr Warning: 
No file supp.aux
LABELS NOT IMPORTED.
 on input line 130.

(./thesis.aux

LaTeX Warning: Label `eq:hartree-fock_eq' multiply defined.


LaTeX Warning: Label `eq:hartree-fock_eq' multiply defined.


LaTeX Warning: Label `fig:eint2matlots' multiply defined.

)
\openout1 = `thesis.aux'.

LaTeX Font Info:    Checking defaults for OML/cmm/m/it on input line 132.
LaTeX Font Info:    ... okay on input line 132.
LaTeX Font Info:    Checking defaults for T1/cmr/m/n on input line 132.
LaTeX Font Info:    ... okay on input line 132.
LaTeX Font Info:    Checking defaults for OT1/cmr/m/n on input line 132.
LaTeX Font Info:    ... okay on input line 132.
LaTeX Font Info:    Checking defaults for OMS/cmsy/m/n on input line 132.
LaTeX Font Info:    ... okay on input line 132.
LaTeX Font Info:    Checking defaults for OMX/cmex/m/n on input line 132.
LaTeX Font Info:    ... okay on input line 132.
LaTeX Font Info:    Checking defaults for U/cmr/m/n on input line 132.
LaTeX Font Info:    ... okay on input line 132.
 (/usr/local/texlive/2018/texmf-dist/tex/context/base/mkii/supp-pdf.mkii
[Loading MPS to PDF converter (version 2006.09.02).]
\scratchcounter=\count141
\scratchdimen=\dimen144
\scratchbox=\box36
\nofMPsegments=\count142
\nofMParguments=\count143
\everyMPshowfont=\toks25
\MPscratchCnt=\count144
\MPscratchDim=\dimen145
\MPnumerator=\count145
\makeMPintoPDFobject=\count146
\everyMPtoPDFconversion=\toks26
) (/usr/local/texlive/2018/texmf-dist/tex/latex/oberdiek/epstopdf-base.sty
Package: epstopdf-base 2016/05/15 v2.6 Base part for package epstopdf

(/usr/local/texlive/2018/texmf-dist/tex/generic/oberdiek/infwarerr.sty
Package: infwarerr 2016/05/16 v1.4 Providing info/warning/error messages (HO)
)
(/usr/local/texlive/2018/texmf-dist/tex/latex/oberdiek/grfext.sty
Package: grfext 2016/05/16 v1.2 Manage graphics extensions (HO)

(/usr/local/texlive/2018/texmf-dist/tex/generic/oberdiek/kvdefinekeys.sty
Package: kvdefinekeys 2016/05/16 v1.4 Define keys (HO)

(/usr/local/texlive/2018/texmf-dist/tex/generic/oberdiek/ltxcmds.sty
Package: ltxcmds 2016/05/16 v1.23 LaTeX kernel commands for general use (HO)
)))
(/usr/local/texlive/2018/texmf-dist/tex/latex/oberdiek/kvoptions.sty
Package: kvoptions 2016/05/16 v3.12 Key value format for package options (HO)

(/usr/local/texlive/2018/texmf-dist/tex/generic/oberdiek/kvsetkeys.sty
Package: kvsetkeys 2016/05/16 v1.17 Key value parser (HO)

(/usr/local/texlive/2018/texmf-dist/tex/generic/oberdiek/etexcmds.sty
Package: etexcmds 2016/05/16 v1.6 Avoid name clashes with e-TeX commands (HO)

(/usr/local/texlive/2018/texmf-dist/tex/generic/oberdiek/ifluatex.sty
Package: ifluatex 2016/05/16 v1.4 Provides the ifluatex switch (HO)
Package ifluatex Info: LuaTeX not detected.
)
Package etexcmds Info: Could not find \expanded.
(etexcmds)             That can mean that you are not using pdfTeX 1.50 or
(etexcmds)             that some package has redefined \expanded.
(etexcmds)             In the latter case, load this package earlier.
)))
(/usr/local/texlive/2018/texmf-dist/tex/generic/oberdiek/pdftexcmds.sty
Package: pdftexcmds 2018/01/30 v0.27 Utility functions of pdfTeX for LuaTeX (HO
)

(/usr/local/texlive/2018/texmf-dist/tex/generic/oberdiek/ifpdf.sty
Package: ifpdf 2017/03/15 v3.2 Provides the ifpdf switch
)
Package pdftexcmds Info: LuaTeX not detected.
Package pdftexcmds Info: \pdf@primitive is available.
Package pdftexcmds Info: \pdf@ifprimitive is available.
Package pdftexcmds Info: \pdfdraftmode found.
)
Package epstopdf-base Info: Redefining graphics rule for `.eps' on input line 4
38.
Package grfext Info: Graphics extension search list:
(grfext)             [.pdf,.png,.jpg,.mps,.jpeg,.jbig2,.jb2,.PDF,.PNG,.JPG,.JPE
G,.JBIG2,.JB2,.eps]
(grfext)             \AppendGraphicsExtensions on input line 456.

(/usr/local/texlive/2018/texmf-dist/tex/latex/latexconfig/epstopdf-sys.cfg
File: epstopdf-sys.cfg 2010/07/13 v1.3 Configuration of (r)epstopdf for TeX Liv
e
))
Package caption Info: Begin \AtBeginDocument code.
Package caption Info: subfig package v1.3 is loaded.
Package caption Info: float package is loaded.
Package caption Info: listings package is loaded.
Package caption Info: longtable package is loaded.

(/usr/local/texlive/2018/texmf-dist/tex/latex/caption/ltcaption.sty
Package: ltcaption 2013/06/09 v1.4-94 longtable captions (AR)
)
Package caption Info: End \AtBeginDocument code.
\c@lstlisting=\count147
LaTeX Font Info:    Try loading font information for OMS+cmr on input line 524.


(/usr/local/texlive/2018/texmf-dist/tex/latex/base/omscmr.fd
File: omscmr.fd 2014/09/29 v2.5h Standard LaTeX font definitions
)
LaTeX Font Info:    Font shape `OMS/cmr/m/n' in size <12> not available
(Font)              Font shape `OMS/cmsy/m/n' tried instead on input line 524.
 [1

{/usr/local/texlive/2018/texmf-var/fonts/map/pdftex/updmap/pdftex.map}] [2

] [3

] [4] [5

]
(./thesis.toc
LaTeX Font Info:    Try loading font information for U+msa on input line 2.
 (/usr/local/texlive/2018/texmf-dist/tex/latex/amsfonts/umsa.fd
File: umsa.fd 2013/01/14 v3.01 AMS symbols A
)
LaTeX Font Info:    Try loading font information for U+msb on input line 2.

(/usr/local/texlive/2018/texmf-dist/tex/latex/amsfonts/umsb.fd
File: umsb.fd 2013/01/14 v3.01 AMS symbols B
)
LaTeX Font Info:    Try loading font information for U+lasy on input line 2.

(/usr/local/texlive/2018/texmf-dist/tex/latex/base/ulasy.fd
File: ulasy.fd 1998/08/17 v2.2e LaTeX symbol font definitions
) [6

])
\tf@toc=\write3
\openout3 = `thesis.toc'.

 [7]
(./thesis.lot)
\tf@lot=\write4
\openout4 = `thesis.lot'.

 [8

] (./thesis.lof)
\tf@lof=\write5
\openout5 = `thesis.lof'.

 [9

]
Chapter 1.
[1

] [2] [3] [4] [5] [6] [7] [8] [9] [10] [11]
LaTeX Font Info:    Font shape `U/lasy/b/n' in size <8> not available
(Font)              Font shape `U/lasy/m/n' tried instead on input line 1265.
LaTeX Font Info:    Font shape `U/lasy/b/n' in size <6> not available
(Font)              Font shape `U/lasy/m/n' tried instead on input line 1265.
 [12] [13] [14] [15] [16]
Chapter 2.
[17

] [18] [19]
(/usr/local/texlive/2018/texmf-dist/tex/latex/listings/lstlang1.sty
File: lstlang1.sty 2015/06/04 1.6 listings language file
)
(/usr/local/texlive/2018/texmf-dist/tex/latex/listings/lstlang1.sty
File: lstlang1.sty 2015/06/04 1.6 listings language file
) [20]
(./code_snippets/BS_sub_auto.sh [21] [22] [23] [24] [25] [26] [27]) [28]
(./code_snippets/BS_find_best.sh) [29] [30] [31] [32]
Chapter 3.
[33

] [34] [35]
<Figures/gpu_arc.png, id=160, 803.0pt x 1057.9525pt>
File: Figures/gpu_arc.png Graphic file (type png)
<use Figures/gpu_arc.png>
Package pdftex.def Info: Figures/gpu_arc.png  used on input line 1690.
(pdftex.def)             Requested size: 389.89749pt x 513.70364pt.


LaTeX Warning: Float too large for page by 3.77364pt on input line 1694.

[36] [37 <./Figures/gpu_arc.png (PNG copy)>] (./code_snippets/mat_mul.cuf
[38] [39]) [40]
Overfull \hbox (19.58568pt too wide) in paragraph at lines 1721--1722
[]\OT1/cmr/m/it/12 Step 2\OT1/cmr/m/n/12 . The cal-cu-la-tion of small ar-rays 
and other con-stants is per-formed by \OT1/cmr/bx/it/12 calc[]parameters
 []

[41] [42] [43] [44]
<Figures/30_25_20_15_naive_layout.png, id=191, 1957.3125pt x 2007.5pt>
File: Figures/30_25_20_15_naive_layout.png Graphic file (type png)
<use Figures/30_25_20_15_naive_layout.png>
Package pdftex.def Info: Figures/30_25_20_15_naive_layout.png  used on input li
ne 1803.
(pdftex.def)             Requested size: 469.75499pt x 481.77922pt.


LaTeX Warning: `!h' float specifier changed to `!ht'.

<Figures/gen_mat_block_layout.png, id=192, 1003.75pt x 1001.7425pt>
File: Figures/gen_mat_block_layout.png Graphic file (type png)
<use Figures/gen_mat_block_layout.png>
Package pdftex.def Info: Figures/gen_mat_block_layout.png  used on input line 1
812.
(pdftex.def)             Requested size: 469.75499pt x 468.81667pt.

LaTeX Warning: `!h' float specifier changed to `!ht'.

<Figures/gen_vec_block_layout.png, id=193, 1003.75pt x 1286.8075pt>
File: Figures/gen_vec_block_layout.png Graphic file (type png)
<use Figures/gen_vec_block_layout.png>
Package pdftex.def Info: Figures/gen_vec_block_layout.png  used on input line 1
819.
(pdftex.def)             Requested size: 469.75499pt x 602.22742pt.

LaTeX Warning: `!h' float specifier changed to `!ht'.

[45]

LaTeX Warning: Text page 46 contains only floats.

[46 <./Figures/30_25_20_15_naive_layout.png (PNG copy)>] [47 <./Figures/gen_mat
_block_layout.png (PNG copy)>] [48 <./Figures/gen_vec_block_layout.png (PNG cop
y)>]
<Figures/eint2_mat.png, id=207, 1003.75pt x 1001.7425pt>
File: Figures/eint2_mat.png Graphic file (type png)
<use Figures/eint2_mat.png>
Package pdftex.def Info: Figures/eint2_mat.png  used on input line 1857.
(pdftex.def)             Requested size: 469.75499pt x 468.81667pt.


LaTeX Warning: `!h' float specifier changed to `!ht'.

<Figures/eint2_vec.png, id=208, 1003.75pt x 787.94376pt>
File: Figures/eint2_vec.png Graphic file (type png)
<use Figures/eint2_vec.png>
Package pdftex.def Info: Figures/eint2_vec.png  used on input line 1864.
(pdftex.def)             Requested size: 469.75499pt x 368.75859pt.

LaTeX Warning: `!h' float specifier changed to `!ht'.

[49

] [50 <./Figures/eint2_mat.png (PNG copy)>] [51 <./Figures/eint2_vec.png (PNG c
opy)>] [52]
<Figures/dtmx_mat.png, id=222, 1003.75pt x 1001.7425pt>
File: Figures/dtmx_mat.png Graphic file (type png)
<use Figures/dtmx_mat.png>
Package pdftex.def Info: Figures/dtmx_mat.png  used on input line 1975.
(pdftex.def)             Requested size: 469.75499pt x 468.81667pt.
<Figures/dtmx_vec.png, id=223, 1003.75pt x 713.66624pt>
File: Figures/dtmx_vec.png Graphic file (type png)
<use Figures/dtmx_vec.png>
Package pdftex.def Info: Figures/dtmx_vec.png  used on input line 1982.
(pdftex.def)             Requested size: 469.75499pt x 333.99663pt.
 [53] [54 <./Figures/dtmx_mat.png (PNG copy)>] [55 <./Figures/dtmx_vec.png (PNG
 copy)>] [56] [57] [58] [59] [60] [61] [62]
Overfull \hbox (13.66783pt too wide) in paragraph at lines 2238--2238
[]|\OT1/cmr/bx/it/12 binary[]search|  
 []


Underfull \hbox (badness 10000) in paragraph at lines 2253--2256

 []

<Figures/eint2prof.png, id=255, 1003.75pt x 625.33624pt>
File: Figures/eint2prof.png Graphic file (type png)
<use Figures/eint2prof.png>
Package pdftex.def Info: Figures/eint2prof.png  used on input line 2259.
(pdftex.def)             Requested size: 469.75499pt x 292.6581pt.

LaTeX Warning: `!h' float specifier changed to `!ht'.

[63]

LaTeX Warning: `!h' float specifier changed to `!ht'.


LaTeX Warning: `!h' float specifier changed to `!ht'.

<Figures/formpqprof.png, id=259, 1003.75pt x 637.38126pt>
File: Figures/formpqprof.png Graphic file (type png)
<use Figures/formpqprof.png>
Package pdftex.def Info: Figures/formpqprof.png  used on input line 2313.
(pdftex.def)             Requested size: 469.75499pt x 298.29517pt.

LaTeX Warning: `!h' float specifier changed to `!ht'.

[64 <./Figures/eint2prof.png (PNG copy)>]
<Figures/eint2_mat_lots.png, id=264, 1003.75pt x 1001.7425pt>
File: Figures/eint2_mat_lots.png Graphic file (type png)
<use Figures/eint2_mat_lots.png>
Package pdftex.def Info: Figures/eint2_mat_lots.png  used on input line 2324.
(pdftex.def)             Requested size: 469.75499pt x 468.81667pt.
 [65]
<Figures/eint2_vec_lots.png, id=268, 2007.5pt x 1238.6275pt>
File: Figures/eint2_vec_lots.png Graphic file (type png)
<use Figures/eint2_vec_lots.png>
Package pdftex.def Info: Figures/eint2_vec_lots.png  used on input line 2331.
(pdftex.def)             Requested size: 469.75499pt x 289.83011pt.

Overfull \hbox (15.54016pt too wide) in paragraph at lines 2347--2362
 [] 
 []

[66 <./Figures/formpqprof.png (PNG copy)>] [67 <./Figures/eint2_mat_lots.png (P
NG copy)>] [68 <./Figures/eint2_vec_lots.png (PNG copy)>]
Overfull \hbox (15.54016pt too wide) in paragraph at lines 2369--2384
 [] 
 []

<Figures/totaltimeprof.png, id=278, 1003.75pt x 642.4pt>
File: Figures/totaltimeprof.png Graphic file (type png)
<use Figures/totaltimeprof.png>
Package pdftex.def Info: Figures/totaltimeprof.png  used on input line 2388.
(pdftex.def)             Requested size: 469.75499pt x 300.64395pt.

LaTeX Warning: `!h' float specifier changed to `!ht'.

[69] [70 <./Figures/totaltimeprof.png (PNG copy)>]
Overfull \hbox (4.57948pt too wide) in paragraph at lines 2411--2411
[]\OT1/cmr/m/n/12 'energy'| 
 []


Underfull \hbox (badness 10000) in paragraph at lines 2407--2415

 []


Underfull \hbox (badness 10000) in paragraph at lines 2415--2426

 []


Underfull \hbox (badness 10000) in paragraph at lines 2426--2437

 []

[71]
Overfull \hbox (4.38567pt too wide) in paragraph at lines 2441--2441
[]\OT1/cmr/m/n/12 wtbspara| 
 []


Underfull \hbox (badness 3895) in paragraph at lines 2446--2447
[]\OT1/cmr/m/n/12 Where in the $[]\OML/cmm/m/it/12 ^^P$ \OT1/cmr/m/n/12 pool ea
ch sym-me-
 []


Underfull \hbox (badness 1122) in paragraph at lines 2446--2447
\OT1/cmr/m/n/12 try starts tak-ing ex-po-nents from (de-
 []


Underfull \hbox (badness 10000) in paragraph at lines 2438--2451

 []


Overfull \hbox (17.11868pt too wide) in paragraph at lines 2452--2466
[]\OT1/cmr/m/n/12 $newuoa has to be given if job-type='bsopt'. Re-fer to the ne
wuoa$[]$documentation
 []


Underfull \hbox (badness 10000) in paragraph at lines 2452--2466

 []


Underfull \hbox (badness 10000) in paragraph at lines 2452--2466

 []


Underfull \hbox (badness 5133) in paragraph at lines 2472--2473
\OT1/cmr/m/n/12 bi-na-tions of spinor oc-cu-pan-cies (de-
 []


Underfull \hbox (badness 10000) in paragraph at lines 2466--2479

 []


Underfull \hbox (badness 10000) in paragraph at lines 2466--2479

 []

[72]
Underfull \hbox (badness 3396) in paragraph at lines 2487--2488
[]\OT1/cmr/m/n/12 Convergence limit for the large-large
 []


Underfull \hbox (badness 10000) in paragraph at lines 2487--2488
\OT1/cmr/m/n/12 com-po-nents of the den-sity ma-trix
 []


Underfull \hbox (badness 2653) in paragraph at lines 2488--2489
[]\OT1/cmr/m/n/12 Convergence limit for the small-large
 []


Underfull \hbox (badness 10000) in paragraph at lines 2488--2489
\OT1/cmr/m/n/12 com-po-nents of the den-sity ma-trix
 []


Underfull \hbox (badness 2020) in paragraph at lines 2489--2490
[]\OT1/cmr/m/n/12 Convergence limit for the small-small
 []


Underfull \hbox (badness 10000) in paragraph at lines 2489--2490
\OT1/cmr/m/n/12 com-po-nents of the den-sity ma-trix
 []


Underfull \hbox (badness 10000) in paragraph at lines 2479--2492

 []

[73] (./thesis.bbl [74


]) [75] (./thesis.aux)

LaTeX Warning: There were multiply-defined labels.

 )
(\end occurred when \ifx on line 678 was incomplete) 
Here is how much of TeX's memory you used:
 7481 strings out of 492646
 103665 string characters out of 6129563
 406811 words of memory out of 5000000
 11191 multiletter control sequences out of 15000+600000
 15999 words of font info for 62 fonts, out of 8000000 for 9000
 1141 hyphenation exceptions out of 8191
 44i,23n,48p,1870b,1775s stack positions out of 5000i,500n,10000p,200000b,80000s
</usr/local/texlive/2018/te
xmf-dist/fonts/type1/public/amsfonts/cm/cmbx12.pfb></usr/local/texlive/2018/tex
mf-dist/fonts/type1/public/amsfonts/cm/cmbx8.pfb></usr/local/texlive/2018/texmf
-dist/fonts/type1/public/amsfonts/cm/cmbxti10.pfb></usr/local/texlive/2018/texm
f-dist/fonts/type1/public/amsfonts/cm/cmcsc10.pfb></usr/local/texlive/2018/texm
f-dist/fonts/type1/public/amsfonts/cm/cmex10.pfb></usr/local/texlive/2018/texmf
-dist/fonts/type1/public/amsfonts/cm/cmmi12.pfb></usr/local/texlive/2018/texmf-
dist/fonts/type1/public/amsfonts/cm/cmmi6.pfb></usr/local/texlive/2018/texmf-di
st/fonts/type1/public/amsfonts/cm/cmmi8.pfb></usr/local/texlive/2018/texmf-dist
/fonts/type1/public/amsfonts/cm/cmmib10.pfb></usr/local/texlive/2018/texmf-dist
/fonts/type1/public/amsfonts/cm/cmr12.pfb></usr/local/texlive/2018/texmf-dist/f
onts/type1/public/amsfonts/cm/cmr6.pfb></usr/local/texlive/2018/texmf-dist/font
s/type1/public/amsfonts/cm/cmr8.pfb></usr/local/texlive/2018/texmf-dist/fonts/t
ype1/public/amsfonts/cm/cmsy10.pfb></usr/local/texlive/2018/texmf-dist/fonts/ty
pe1/public/amsfonts/cm/cmsy6.pfb></usr/local/texlive/2018/texmf-dist/fonts/type
1/public/amsfonts/cm/cmsy8.pfb></usr/local/texlive/2018/texmf-dist/fonts/type1/
public/amsfonts/cm/cmti12.pfb></usr/local/texlive/2018/texmf-dist/fonts/type1/p
ublic/amsfonts/cm/cmtt10.pfb></usr/local/texlive/2018/texmf-dist/fonts/type1/pu
blic/amsfonts/cm/cmtt12.pfb></usr/local/texlive/2018/texmf-dist/fonts/type1/pub
lic/amsfonts/symbols/msbm10.pfb>
Output written on thesis.pdf (84 pages, 1157746 bytes).
PDF statistics:
 365 PDF objects out of 1000 (max. 8388607)
 244 compressed objects within 3 object streams
 0 named destinations out of 1000 (max. 500000)
 66 words of extra memory for PDF output out of 10000 (max. 10000000)

