\BOOKMARK [0][-]{chapter.1}{Introduction}{}% 1
\BOOKMARK [1][-]{section.1.1}{Solving\040the\040Schr\366dinger\040Equation}{chapter.1}% 2
\BOOKMARK [1][-]{section.1.2}{Hartree-Fock\040Method}{chapter.1}% 3
\BOOKMARK [2][-]{subsection.1.2.1}{Two-Electron\040Integrals}{section.1.2}% 4
\BOOKMARK [2][-]{subsection.1.2.2}{Basis\040Sets}{section.1.2}% 5
\BOOKMARK [2][-]{subsection.1.2.3}{Hartree-Fock\040SCF}{section.1.2}% 6
\BOOKMARK [1][-]{section.1.3}{Special\040Relativity}{chapter.1}% 7
\BOOKMARK [2][-]{subsection.1.3.1}{Relativistic\040Quantum\040Mechanics}{section.1.3}% 8
\BOOKMARK [2][-]{subsection.1.3.2}{Dirac\040Equation}{section.1.3}% 9
\BOOKMARK [2][-]{subsection.1.3.3}{Kinetic\040Balancing}{section.1.3}% 10
\BOOKMARK [2][-]{subsection.1.3.4}{The\040Dirac\040Hydrogen-Like\040Atom}{section.1.3}% 11
\BOOKMARK [2][-]{subsection.1.3.5}{Relativistic\040Effects}{section.1.3}% 12
\BOOKMARK [2][-]{subsection.1.3.6}{Gaussian\040Nucleus}{section.1.3}% 13
\BOOKMARK [0][-]{chapter.2}{cudaDFRATOM}{}% 14
\BOOKMARK [1][-]{section.2.1}{Introduction}{chapter.2}% 15
\BOOKMARK [1][-]{section.2.2}{GPU\040Architecture}{chapter.2}% 16
\BOOKMARK [2][-]{subsection.2.2.1}{Threads,\040Blocks,\040and\040Grids}{section.2.2}% 17
\BOOKMARK [2][-]{subsection.2.2.2}{Memory}{section.2.2}% 18
\BOOKMARK [2][-]{subsection.2.2.3}{Occupancy\040and\040Performance}{section.2.2}% 19
\BOOKMARK [2][-]{subsection.2.2.4}{Matrix\040Multiplication\040Example}{section.2.2}% 20
\BOOKMARK [1][-]{section.2.3}{Program\040flow\040in\040cudaDFRATOM}{chapter.2}% 21
\BOOKMARK [1][-]{section.2.4}{Alterations\040of\040DFRATOM\040for\040CUDA}{chapter.2}% 22
\BOOKMARK [2][-]{subsection.2.4.1}{Two-electron\040Integrals}{section.2.4}% 23
\BOOKMARK [2][-]{subsection.2.4.2}{Density\040Matrix\040Formation}{section.2.4}% 24
\BOOKMARK [1][-]{section.2.5}{Discussion}{chapter.2}% 25
\BOOKMARK [2][-]{subsection.2.5.1}{Resource\040Usage}{section.2.5}% 26
\BOOKMARK [2][-]{subsection.2.5.2}{Two-Electron\040Integral\040performance}{section.2.5}% 27
\BOOKMARK [2][-]{subsection.2.5.3}{P\040and\040Q\040Matrix\040Formation\040Performance}{section.2.5}% 28
\BOOKMARK [2][-]{subsection.2.5.4}{Total\040Speedup}{section.2.5}% 29
\BOOKMARK [1][-]{section.2.6}{Input\040Description}{chapter.2}% 30
\BOOKMARK [0][-]{chapter.3}{Basis\040Sets}{}% 31
\BOOKMARK [1][-]{section.3.1}{Introduction}{chapter.3}% 32
\BOOKMARK [1][-]{section.3.2}{Methods}{chapter.3}% 33
\BOOKMARK [2][-]{subsection.3.2.1}{Basis\040set\040size\040optimization}{section.3.2}% 34
\BOOKMARK [2][-]{subsection.3.2.2}{Automating\040Optimization}{section.3.2}% 35
\BOOKMARK [1][-]{section.3.3}{Discussion}{chapter.3}% 36
\BOOKMARK [2][-]{subsection.3.3.1}{Optimized\040Non-Relativistic\040Basis\040Sets}{section.3.3}% 37
\BOOKMARK [0][-]{chapter.4}{Conclusions\040and\040Future\040Work}{}% 38
\BOOKMARK [1][-]{section.4.1}{cudaDFRATOM}{chapter.4}% 39
\BOOKMARK [1][-]{section.4.2}{Basis\040Set\040Optimization}{chapter.4}% 40
\BOOKMARK [0][-]{section.4.2}{Bibliography}{}% 41
\BOOKMARK [0][-]{appendix.A}{cudaDFRATOM\040Input\040and\040Output\040files}{}% 42
\BOOKMARK [1][-]{section.A.1}{Single\040Point\040Energy\040with\040predefined\040WTBS\040parameters}{appendix.A}% 43
\BOOKMARK [1][-]{section.A.2}{Optimizing\040a\040Basis\040Set\040for\040a\040Specific\040Electron\040Configuration}{appendix.A}% 44
\BOOKMARK [1][-]{section.A.3}{Single\040Point\040Energy\040using\040a\040predefined\040Basis\040Set}{appendix.A}% 45
\BOOKMARK [0][-]{appendix.B}{Scripts\040for\040cudaDFRATOM}{}% 46
